2020-04-20 10:47:01.849  INFO 15341 --- [restartedMain] c.e.c.r.RegistrationApplication          : The following profiles are active: local
2020-04-20 10:47:04.650  INFO 15341 --- [restartedMain] .s.d.r.c.RepositoryConfigurationDelegate : Bootstrapping Spring Data JPA repositories in DEFAULT mode.
2020-04-20 10:47:04.691  INFO 15341 --- [restartedMain] .s.d.r.c.RepositoryConfigurationDelegate : Finished Spring Data repository scanning in 18ms. Found 0 JPA repository interfaces.
2020-04-20 10:47:05.468  INFO 15341 --- [restartedMain] o.s.cloud.context.scope.GenericScope     : BeanFactory id=ecb04d3e-eff1-3878-8a1e-7331a3707a1e
2020-04-20 10:47:06.349  INFO 15341 --- [restartedMain] trationDelegate$BeanPostProcessorChecker : Bean 'org.springframework.security.config.annotation.configuration.ObjectPostProcessorConfiguration' of type [org.springframework.security.config.annotation.configuration.ObjectPostProcessorConfiguration] is not eligible for getting processed by all BeanPostProcessors (for example: not eligible for auto-proxying)
2020-04-20 10:47:06.355  INFO 15341 --- [restartedMain] trationDelegate$BeanPostProcessorChecker : Bean 'objectPostProcessor' of type [org.springframework.security.config.annotation.configuration.AutowireBeanFactoryObjectPostProcessor] is not eligible for getting processed by all BeanPostProcessors (for example: not eligible for auto-proxying)
2020-04-20 10:47:06.363  INFO 15341 --- [restartedMain] trationDelegate$BeanPostProcessorChecker : Bean 'org.springframework.security.access.expression.method.DefaultMethodSecurityExpressionHandler@6acd9f4b' of type [org.springframework.security.oauth2.provider.expression.OAuth2MethodSecurityExpressionHandler] is not eligible for getting processed by all BeanPostProcessors (for example: not eligible for auto-proxying)
2020-04-20 10:47:06.367  INFO 15341 --- [restartedMain] trationDelegate$BeanPostProcessorChecker : Bean 'org.springframework.security.config.annotation.method.configuration.GlobalMethodSecurityConfiguration' of type [org.springframework.security.config.annotation.method.configuration.GlobalMethodSecurityConfiguration] is not eligible for getting processed by all BeanPostProcessors (for example: not eligible for auto-proxying)
2020-04-20 10:47:06.395  INFO 15341 --- [restartedMain] trationDelegate$BeanPostProcessorChecker : Bean 'methodSecurityMetadataSource' of type [org.springframework.security.access.method.DelegatingMethodSecurityMetadataSource] is not eligible for getting processed by all BeanPostProcessors (for example: not eligible for auto-proxying)
2020-04-20 10:47:07.428  INFO 15341 --- [restartedMain] o.s.b.w.embedded.tomcat.TomcatWebServer  : Tomcat initialized with port(s): 8081 (http)
2020-04-20 10:47:07.447  INFO 15341 --- [restartedMain] o.apache.catalina.core.StandardService   : Starting service [Tomcat]
2020-04-20 10:47:07.448  INFO 15341 --- [restartedMain] org.apache.catalina.core.StandardEngine  : Starting Servlet engine: [Apache Tomcat/9.0.33]
2020-04-20 10:47:07.715  INFO 15341 --- [restartedMain] o.a.c.c.C.[.[localhost].[/registration]  : Initializing Spring embedded WebApplicationContext
2020-04-20 10:47:07.718  INFO 15341 --- [restartedMain] o.s.web.context.ContextLoader            : Root WebApplicationContext: initialization completed in 5752 ms
2020-04-20 10:47:07.977  WARN 15341 --- [restartedMain] c.n.c.sources.URLConfigurationSource     : No URLs will be polled as dynamic configuration sources.
2020-04-20 10:47:07.978  INFO 15341 --- [restartedMain] c.n.c.sources.URLConfigurationSource     : To enable URLs as dynamic configuration sources, define System property archaius.configurationSource.additionalUrls or make config.properties available on classpath.
2020-04-20 10:47:08.017  INFO 15341 --- [restartedMain] c.netflix.config.DynamicPropertyFactory  : DynamicPropertyFactory is initialized with configuration sources: com.netflix.config.ConcurrentCompositeConfiguration@df69055
2020-04-20 10:47:08.287 ERROR 15341 --- [restartedMain] o.s.b.web.embedded.tomcat.TomcatStarter  : Error starting Tomcat context. Exception: org.springframework.beans.factory.BeanCreationException. Message: Error creating bean with name 'servletEndpointRegistrar' defined in class path resource [org/springframework/boot/actuate/autoconfigure/endpoint/web/ServletEndpointManagementContextConfiguration$WebMvcServletEndpointManagementContextConfiguration.class]: Bean instantiation via factory method failed; nested exception is org.springframework.beans.BeanInstantiationException: Failed to instantiate [org.springframework.boot.actuate.endpoint.web.ServletEndpointRegistrar]: Factory method 'servletEndpointRegistrar' threw exception; nested exception is org.springframework.beans.factory.UnsatisfiedDependencyException: Error creating bean with name 'healthEndpoint' defined in class path resource [org/springframework/boot/actuate/autoconfigure/health/HealthEndpointConfiguration.class]: Unsatisfied dependency expressed through method 'healthEndpoint' parameter 0; nested exception is org.springframework.beans.factory.BeanCreationException: Error creating bean with name 'healthContributorRegistry' defined in class path resource [org/springframework/boot/actuate/autoconfigure/health/HealthEndpointConfiguration.class]: Bean instantiation via factory method failed; nested exception is org.springframework.beans.BeanInstantiationException: Failed to instantiate [org.springframework.boot.actuate.health.HealthContributorRegistry]: Factory method 'healthContributorRegistry' threw exception; nested exception is org.springframework.beans.factory.UnsatisfiedDependencyException: Error creating bean with name 'org.springframework.boot.actuate.autoconfigure.jdbc.DataSourceHealthContributorAutoConfiguration': Unsatisfied dependency expressed through constructor parameter 0; nested exception is org.springframework.beans.factory.BeanCreationException: Error creating bean with name 'dataSource' defined in class path resource [org/springframework/boot/autoconfigure/jdbc/DataSourceConfiguration$Hikari.class]: Bean instantiation via factory method failed; nested exception is org.springframework.beans.BeanInstantiationException: Failed to instantiate [com.zaxxer.hikari.HikariDataSource]: Factory method 'dataSource' threw exception; nested exception is org.springframework.boot.autoconfigure.jdbc.DataSourceProperties$DataSourceBeanCreationException: Failed to determine a suitable driver class
2020-04-20 10:47:08.360  INFO 15341 --- [restartedMain] o.apache.catalina.core.StandardService   : Stopping service [Tomcat]
2020-04-20 10:47:08.391  WARN 15341 --- [restartedMain] ConfigServletWebServerApplicationContext : Exception encountered during context initialization - cancelling refresh attempt: org.springframework.context.ApplicationContextException: Unable to start web server; nested exception is org.springframework.boot.web.server.WebServerException: Unable to start embedded Tomcat
2020-04-20 10:47:08.430  INFO 15341 --- [restartedMain] ConditionEvaluationReportLoggingListener : 

Error starting ApplicationContext. To display the conditions report re-run your application with 'debug' enabled.
2020-04-20 10:47:08.451 ERROR 15341 --- [restartedMain] o.s.b.d.LoggingFailureAnalysisReporter   : 

***************************
APPLICATION FAILED TO START
***************************

Description:

Failed to configure a DataSource: 'url' attribute is not specified and no embedded datasource could be configured.

Reason: Failed to determine a suitable driver class


Action:

Consider the following:
	If you want an embedded database (H2, HSQL or Derby), please put it on the classpath.
	If you have database settings to be loaded from a particular profile you may need to activate it (no profiles are currently active).

2020-04-20 13:11:04.996  INFO 24491 --- [restartedMain] c.e.c.r.RegistrationApplication          : The following profiles are active: local
2020-04-20 13:11:07.564  INFO 24491 --- [restartedMain] o.s.cloud.context.scope.GenericScope     : BeanFactory id=9e49a75b-5d10-3f5b-9fd8-4639cc9a8f23
2020-04-20 13:11:08.125  INFO 24491 --- [restartedMain] trationDelegate$BeanPostProcessorChecker : Bean 'org.springframework.security.config.annotation.configuration.ObjectPostProcessorConfiguration' of type [org.springframework.security.config.annotation.configuration.ObjectPostProcessorConfiguration] is not eligible for getting processed by all BeanPostProcessors (for example: not eligible for auto-proxying)
2020-04-20 13:11:08.132  INFO 24491 --- [restartedMain] trationDelegate$BeanPostProcessorChecker : Bean 'objectPostProcessor' of type [org.springframework.security.config.annotation.configuration.AutowireBeanFactoryObjectPostProcessor] is not eligible for getting processed by all BeanPostProcessors (for example: not eligible for auto-proxying)
2020-04-20 13:11:08.136  INFO 24491 --- [restartedMain] trationDelegate$BeanPostProcessorChecker : Bean 'org.springframework.security.access.expression.method.DefaultMethodSecurityExpressionHandler@35e05fc4' of type [org.springframework.security.oauth2.provider.expression.OAuth2MethodSecurityExpressionHandler] is not eligible for getting processed by all BeanPostProcessors (for example: not eligible for auto-proxying)
2020-04-20 13:11:08.141  INFO 24491 --- [restartedMain] trationDelegate$BeanPostProcessorChecker : Bean 'org.springframework.security.config.annotation.method.configuration.GlobalMethodSecurityConfiguration' of type [org.springframework.security.config.annotation.method.configuration.GlobalMethodSecurityConfiguration] is not eligible for getting processed by all BeanPostProcessors (for example: not eligible for auto-proxying)
2020-04-20 13:11:08.150  INFO 24491 --- [restartedMain] trationDelegate$BeanPostProcessorChecker : Bean 'methodSecurityMetadataSource' of type [org.springframework.security.access.method.DelegatingMethodSecurityMetadataSource] is not eligible for getting processed by all BeanPostProcessors (for example: not eligible for auto-proxying)
2020-04-20 13:11:08.996  INFO 24491 --- [restartedMain] o.s.b.w.embedded.tomcat.TomcatWebServer  : Tomcat initialized with port(s): 8081 (http)
2020-04-20 13:11:09.016  INFO 24491 --- [restartedMain] o.apache.catalina.core.StandardService   : Starting service [Tomcat]
2020-04-20 13:11:09.017  INFO 24491 --- [restartedMain] org.apache.catalina.core.StandardEngine  : Starting Servlet engine: [Apache Tomcat/9.0.33]
2020-04-20 13:11:09.179  INFO 24491 --- [restartedMain] o.a.c.c.C.[.[localhost].[/registration]  : Initializing Spring embedded WebApplicationContext
2020-04-20 13:11:09.179  INFO 24491 --- [restartedMain] o.s.web.context.ContextLoader            : Root WebApplicationContext: initialization completed in 4052 ms
2020-04-20 13:11:09.479  WARN 24491 --- [restartedMain] c.n.c.sources.URLConfigurationSource     : No URLs will be polled as dynamic configuration sources.
2020-04-20 13:11:09.491  INFO 24491 --- [restartedMain] c.n.c.sources.URLConfigurationSource     : To enable URLs as dynamic configuration sources, define System property archaius.configurationSource.additionalUrls or make config.properties available on classpath.
2020-04-20 13:11:09.532  INFO 24491 --- [restartedMain] c.netflix.config.DynamicPropertyFactory  : DynamicPropertyFactory is initialized with configuration sources: com.netflix.config.ConcurrentCompositeConfiguration@7e225294
2020-04-20 13:11:10.456  WARN 24491 --- [restartedMain] c.n.c.sources.URLConfigurationSource     : No URLs will be polled as dynamic configuration sources.
2020-04-20 13:11:10.456  INFO 24491 --- [restartedMain] c.n.c.sources.URLConfigurationSource     : To enable URLs as dynamic configuration sources, define System property archaius.configurationSource.additionalUrls or make config.properties available on classpath.
2020-04-20 13:11:11.210  INFO 24491 --- [restartedMain] o.s.s.concurrent.ThreadPoolTaskExecutor  : Initializing ExecutorService 'applicationTaskExecutor'
2020-04-20 13:11:11.795  INFO 24491 --- [restartedMain] .s.s.UserDetailsServiceAutoConfiguration : 

Using generated security password: d0bcfb39-5ccc-44aa-aa04-2bb5b6f2e395

2020-04-20 13:11:12.438  INFO 24491 --- [restartedMain] o.s.b.a.e.web.EndpointLinksResolver      : Exposing 21 endpoint(s) beneath base path '/actuator'
2020-04-20 13:11:12.535  INFO 24491 --- [restartedMain] o.s.s.web.DefaultSecurityFilterChain     : Creating filter chain: any request, [org.springframework.security.web.context.request.async.WebAsyncManagerIntegrationFilter@74e7aa49, org.springframework.security.web.context.SecurityContextPersistenceFilter@ac354c4, org.springframework.security.web.header.HeaderWriterFilter@25b8d97a, org.springframework.web.filter.CorsFilter@137e7b6, com.example.celerity.exception.ExceptionHandlerOauthFilter@3b84ca84, org.springframework.security.web.authentication.logout.LogoutFilter@88fcce3, org.springframework.security.oauth2.provider.authentication.OAuth2AuthenticationProcessingFilter@57dda44b, org.springframework.security.web.savedrequest.RequestCacheAwareFilter@83a1c44, org.springframework.security.web.servletapi.SecurityContextHolderAwareRequestFilter@21eba3f6, org.springframework.security.web.authentication.AnonymousAuthenticationFilter@77abc517, org.springframework.security.web.session.SessionManagementFilter@497036dc, org.springframework.security.web.access.ExceptionTranslationFilter@71a320eb, org.springframework.security.web.access.intercept.FilterSecurityInterceptor@6771d060]
2020-04-20 13:11:12.642  INFO 24491 --- [restartedMain] o.s.b.d.a.OptionalLiveReloadServer       : LiveReload server is running on port 35729
2020-04-20 13:11:13.101  WARN 24491 --- [restartedMain] iguration$LoadBalancerCaffeineWarnLogger : Spring Cloud LoadBalancer is currently working with the default cache. You can switch to using Caffeine cache, by adding it to the classpath.
2020-04-20 13:11:13.406  INFO 24491 --- [restartedMain] o.s.b.w.embedded.tomcat.TomcatWebServer  : Tomcat started on port(s): 8081 (http) with context path '/registration'
2020-04-20 13:11:13.576  INFO 24491 --- [restartedMain] c.e.c.r.RegistrationApplication          : Started RegistrationApplication in 10.923 seconds (JVM running for 12.59)
2020-04-20 13:15:34.386  INFO 24491 --- [http-nio-8081-exec-1] o.a.c.c.C.[.[localhost].[/registration]  : Initializing Spring DispatcherServlet 'dispatcherServlet'
2020-04-20 13:15:34.386  INFO 24491 --- [http-nio-8081-exec-1] o.s.web.servlet.DispatcherServlet        : Initializing Servlet 'dispatcherServlet'
2020-04-20 13:15:34.409  INFO 24491 --- [http-nio-8081-exec-1] o.s.web.servlet.DispatcherServlet        : Completed initialization in 23 ms
2020-04-20 13:17:43.816  INFO 24491 --- [Thread-8] o.s.s.concurrent.ThreadPoolTaskExecutor  : Shutting down ExecutorService 'applicationTaskExecutor'
2020-04-20 13:17:44.400  INFO 24491 --- [restartedMain] c.e.c.r.RegistrationApplication          : The following profiles are active: local
2020-04-20 13:18:06.702  INFO 25096 --- [restartedMain] c.e.c.r.RegistrationApplication          : The following profiles are active: local
2020-04-20 13:18:09.387  INFO 25096 --- [restartedMain] o.s.cloud.context.scope.GenericScope     : BeanFactory id=9e49a75b-5d10-3f5b-9fd8-4639cc9a8f23
2020-04-20 13:18:10.312  INFO 25096 --- [restartedMain] trationDelegate$BeanPostProcessorChecker : Bean 'org.springframework.security.config.annotation.configuration.ObjectPostProcessorConfiguration' of type [org.springframework.security.config.annotation.configuration.ObjectPostProcessorConfiguration] is not eligible for getting processed by all BeanPostProcessors (for example: not eligible for auto-proxying)
2020-04-20 13:18:10.329  INFO 25096 --- [restartedMain] trationDelegate$BeanPostProcessorChecker : Bean 'objectPostProcessor' of type [org.springframework.security.config.annotation.configuration.AutowireBeanFactoryObjectPostProcessor] is not eligible for getting processed by all BeanPostProcessors (for example: not eligible for auto-proxying)
2020-04-20 13:18:10.335  INFO 25096 --- [restartedMain] trationDelegate$BeanPostProcessorChecker : Bean 'org.springframework.security.access.expression.method.DefaultMethodSecurityExpressionHandler@22d93915' of type [org.springframework.security.oauth2.provider.expression.OAuth2MethodSecurityExpressionHandler] is not eligible for getting processed by all BeanPostProcessors (for example: not eligible for auto-proxying)
2020-04-20 13:18:10.339  INFO 25096 --- [restartedMain] trationDelegate$BeanPostProcessorChecker : Bean 'org.springframework.security.config.annotation.method.configuration.GlobalMethodSecurityConfiguration' of type [org.springframework.security.config.annotation.method.configuration.GlobalMethodSecurityConfiguration] is not eligible for getting processed by all BeanPostProcessors (for example: not eligible for auto-proxying)
2020-04-20 13:18:10.349  INFO 25096 --- [restartedMain] trationDelegate$BeanPostProcessorChecker : Bean 'methodSecurityMetadataSource' of type [org.springframework.security.access.method.DelegatingMethodSecurityMetadataSource] is not eligible for getting processed by all BeanPostProcessors (for example: not eligible for auto-proxying)
2020-04-20 13:18:11.567  INFO 25096 --- [restartedMain] o.s.b.w.embedded.tomcat.TomcatWebServer  : Tomcat initialized with port(s): 8081 (http)
2020-04-20 13:18:11.586  INFO 25096 --- [restartedMain] o.apache.catalina.core.StandardService   : Starting service [Tomcat]
2020-04-20 13:18:11.587  INFO 25096 --- [restartedMain] org.apache.catalina.core.StandardEngine  : Starting Servlet engine: [Apache Tomcat/9.0.33]
2020-04-20 13:18:11.781  INFO 25096 --- [restartedMain] o.a.c.c.C.[.[localhost].[/registration]  : Initializing Spring embedded WebApplicationContext
2020-04-20 13:18:11.781  INFO 25096 --- [restartedMain] o.s.web.context.ContextLoader            : Root WebApplicationContext: initialization completed in 5044 ms
2020-04-20 13:18:11.998  WARN 25096 --- [restartedMain] c.n.c.sources.URLConfigurationSource     : No URLs will be polled as dynamic configuration sources.
2020-04-20 13:18:12.002  INFO 25096 --- [restartedMain] c.n.c.sources.URLConfigurationSource     : To enable URLs as dynamic configuration sources, define System property archaius.configurationSource.additionalUrls or make config.properties available on classpath.
2020-04-20 13:18:12.048  INFO 25096 --- [restartedMain] c.netflix.config.DynamicPropertyFactory  : DynamicPropertyFactory is initialized with configuration sources: com.netflix.config.ConcurrentCompositeConfiguration@6ed5f05f
2020-04-20 13:18:12.837  WARN 25096 --- [restartedMain] c.n.c.sources.URLConfigurationSource     : No URLs will be polled as dynamic configuration sources.
2020-04-20 13:18:12.837  INFO 25096 --- [restartedMain] c.n.c.sources.URLConfigurationSource     : To enable URLs as dynamic configuration sources, define System property archaius.configurationSource.additionalUrls or make config.properties available on classpath.
2020-04-20 13:18:13.378  INFO 25096 --- [restartedMain] o.s.s.concurrent.ThreadPoolTaskExecutor  : Initializing ExecutorService 'applicationTaskExecutor'
2020-04-20 13:18:13.873  INFO 25096 --- [restartedMain] .s.s.UserDetailsServiceAutoConfiguration : 

Using generated security password: 7dcddcf6-fc4c-4415-8e22-b7044bcce728

2020-04-20 13:18:14.354  INFO 25096 --- [restartedMain] o.s.b.a.e.web.EndpointLinksResolver      : Exposing 21 endpoint(s) beneath base path '/actuator'
2020-04-20 13:18:14.414  INFO 25096 --- [restartedMain] o.s.s.web.DefaultSecurityFilterChain     : Creating filter chain: any request, [org.springframework.security.web.context.request.async.WebAsyncManagerIntegrationFilter@e38480e, org.springframework.security.web.context.SecurityContextPersistenceFilter@588ce0e5, org.springframework.security.web.header.HeaderWriterFilter@2a7c314c, org.springframework.web.filter.CorsFilter@c6d7e91, com.example.celerity.exception.ExceptionHandlerOauthFilter@121601a3, org.springframework.security.web.authentication.logout.LogoutFilter@48320bde, org.springframework.security.oauth2.provider.authentication.OAuth2AuthenticationProcessingFilter@2065d279, org.springframework.security.web.savedrequest.RequestCacheAwareFilter@695519c3, org.springframework.security.web.servletapi.SecurityContextHolderAwareRequestFilter@155d83ab, org.springframework.security.web.authentication.AnonymousAuthenticationFilter@2817d65d, org.springframework.security.web.session.SessionManagementFilter@3e2d7d1b, org.springframework.security.web.access.ExceptionTranslationFilter@33def41c, org.springframework.security.web.access.intercept.FilterSecurityInterceptor@36576e8a]
2020-04-20 13:18:14.494  INFO 25096 --- [restartedMain] o.s.b.d.a.OptionalLiveReloadServer       : LiveReload server is running on port 35729
2020-04-20 13:18:14.661  WARN 25096 --- [restartedMain] iguration$LoadBalancerCaffeineWarnLogger : Spring Cloud LoadBalancer is currently working with the default cache. You can switch to using Caffeine cache, by adding it to the classpath.
2020-04-20 13:18:14.792  INFO 25096 --- [restartedMain] o.s.b.w.embedded.tomcat.TomcatWebServer  : Tomcat started on port(s): 8081 (http) with context path '/registration'
2020-04-20 13:18:14.828  INFO 25096 --- [restartedMain] c.e.c.r.RegistrationApplication          : Started RegistrationApplication in 10.001 seconds (JVM running for 11.056)
2020-04-20 13:18:23.191  INFO 25096 --- [http-nio-8081-exec-1] o.a.c.c.C.[.[localhost].[/registration]  : Initializing Spring DispatcherServlet 'dispatcherServlet'
2020-04-20 13:18:23.192  INFO 25096 --- [http-nio-8081-exec-1] o.s.web.servlet.DispatcherServlet        : Initializing Servlet 'dispatcherServlet'
2020-04-20 13:18:23.202  INFO 25096 --- [http-nio-8081-exec-1] o.s.web.servlet.DispatcherServlet        : Completed initialization in 9 ms
2020-04-20 13:28:27.572  INFO 25096 --- [Thread-8] o.s.s.concurrent.ThreadPoolTaskExecutor  : Shutting down ExecutorService 'applicationTaskExecutor'
2020-04-20 13:28:27.924  INFO 25096 --- [restartedMain] c.e.c.r.RegistrationApplication          : The following profiles are active: local
2020-04-20 13:28:28.746  INFO 25096 --- [restartedMain] o.s.cloud.context.scope.GenericScope     : BeanFactory id=9e49a75b-5d10-3f5b-9fd8-4639cc9a8f23
2020-04-20 13:28:28.779  INFO 25096 --- [restartedMain] trationDelegate$BeanPostProcessorChecker : Bean 'org.springframework.security.config.annotation.configuration.ObjectPostProcessorConfiguration' of type [org.springframework.security.config.annotation.configuration.ObjectPostProcessorConfiguration] is not eligible for getting processed by all BeanPostProcessors (for example: not eligible for auto-proxying)
2020-04-20 13:28:28.782  INFO 25096 --- [restartedMain] trationDelegate$BeanPostProcessorChecker : Bean 'objectPostProcessor' of type [org.springframework.security.config.annotation.configuration.AutowireBeanFactoryObjectPostProcessor] is not eligible for getting processed by all BeanPostProcessors (for example: not eligible for auto-proxying)
2020-04-20 13:28:28.784  INFO 25096 --- [restartedMain] trationDelegate$BeanPostProcessorChecker : Bean 'org.springframework.security.access.expression.method.DefaultMethodSecurityExpressionHandler@36e32eef' of type [org.springframework.security.oauth2.provider.expression.OAuth2MethodSecurityExpressionHandler] is not eligible for getting processed by all BeanPostProcessors (for example: not eligible for auto-proxying)
2020-04-20 13:28:28.787  INFO 25096 --- [restartedMain] trationDelegate$BeanPostProcessorChecker : Bean 'org.springframework.security.config.annotation.method.configuration.GlobalMethodSecurityConfiguration' of type [org.springframework.security.config.annotation.method.configuration.GlobalMethodSecurityConfiguration] is not eligible for getting processed by all BeanPostProcessors (for example: not eligible for auto-proxying)
2020-04-20 13:28:28.788  INFO 25096 --- [restartedMain] trationDelegate$BeanPostProcessorChecker : Bean 'methodSecurityMetadataSource' of type [org.springframework.security.access.method.DelegatingMethodSecurityMetadataSource] is not eligible for getting processed by all BeanPostProcessors (for example: not eligible for auto-proxying)
2020-04-20 13:28:28.892  INFO 25096 --- [restartedMain] o.s.b.w.embedded.tomcat.TomcatWebServer  : Tomcat initialized with port(s): 8081 (http)
2020-04-20 13:28:28.893  INFO 25096 --- [restartedMain] o.apache.catalina.core.StandardService   : Starting service [Tomcat]
2020-04-20 13:28:28.893  INFO 25096 --- [restartedMain] org.apache.catalina.core.StandardEngine  : Starting Servlet engine: [Apache Tomcat/9.0.33]
2020-04-20 13:28:28.903  INFO 25096 --- [restartedMain] o.a.c.c.C.[.[localhost].[/registration]  : Initializing Spring embedded WebApplicationContext
2020-04-20 13:28:28.903  INFO 25096 --- [restartedMain] o.s.web.context.ContextLoader            : Root WebApplicationContext: initialization completed in 972 ms
2020-04-20 13:28:29.129  WARN 25096 --- [restartedMain] c.n.c.sources.URLConfigurationSource     : No URLs will be polled as dynamic configuration sources.
2020-04-20 13:28:29.129  INFO 25096 --- [restartedMain] c.n.c.sources.URLConfigurationSource     : To enable URLs as dynamic configuration sources, define System property archaius.configurationSource.additionalUrls or make config.properties available on classpath.
2020-04-20 13:28:29.200  INFO 25096 --- [restartedMain] o.s.s.concurrent.ThreadPoolTaskExecutor  : Initializing ExecutorService 'applicationTaskExecutor'
2020-04-20 13:28:29.413  INFO 25096 --- [restartedMain] .s.s.UserDetailsServiceAutoConfiguration : 

Using generated security password: 6194b7bb-797b-457b-8c40-928613839cd4

2020-04-20 13:28:29.497  INFO 25096 --- [restartedMain] o.s.b.a.e.web.EndpointLinksResolver      : Exposing 21 endpoint(s) beneath base path '/actuator'
2020-04-20 13:28:29.518  INFO 25096 --- [restartedMain] o.s.s.web.DefaultSecurityFilterChain     : Creating filter chain: any request, [org.springframework.security.web.context.request.async.WebAsyncManagerIntegrationFilter@16edd3fa, org.springframework.security.web.context.SecurityContextPersistenceFilter@36f89888, org.springframework.security.web.header.HeaderWriterFilter@1e044d15, org.springframework.web.filter.CorsFilter@2bd1f4e5, com.example.celerity.exception.ExceptionHandlerOauthFilter@3529843e, org.springframework.security.web.authentication.logout.LogoutFilter@7714adbe, org.springframework.security.oauth2.provider.authentication.OAuth2AuthenticationProcessingFilter@ea2b1de, org.springframework.security.web.savedrequest.RequestCacheAwareFilter@19ecb76a, org.springframework.security.web.servletapi.SecurityContextHolderAwareRequestFilter@25bc2da7, org.springframework.security.web.authentication.AnonymousAuthenticationFilter@7a624d58, org.springframework.security.web.session.SessionManagementFilter@9b53e63, org.springframework.security.web.access.ExceptionTranslationFilter@58eeeaaf, org.springframework.security.web.access.intercept.FilterSecurityInterceptor@2fdc1b18]
2020-04-20 13:28:29.543  INFO 25096 --- [restartedMain] o.s.b.d.a.OptionalLiveReloadServer       : LiveReload server is running on port 35729
2020-04-20 13:28:29.653  WARN 25096 --- [restartedMain] iguration$LoadBalancerCaffeineWarnLogger : Spring Cloud LoadBalancer is currently working with the default cache. You can switch to using Caffeine cache, by adding it to the classpath.
2020-04-20 13:28:29.745  INFO 25096 --- [restartedMain] o.s.b.w.embedded.tomcat.TomcatWebServer  : Tomcat started on port(s): 8081 (http) with context path '/registration'
2020-04-20 13:28:29.773  INFO 25096 --- [restartedMain] c.e.c.r.RegistrationApplication          : Started RegistrationApplication in 2.05 seconds (JVM running for 626.0)
2020-04-20 13:28:29.777  INFO 25096 --- [restartedMain] .ConditionEvaluationDeltaLoggingListener : Condition evaluation unchanged
2020-04-20 13:29:43.156  INFO 25096 --- [Thread-12] o.s.s.concurrent.ThreadPoolTaskExecutor  : Shutting down ExecutorService 'applicationTaskExecutor'
2020-04-20 13:29:43.667  INFO 25096 --- [restartedMain] c.e.c.r.RegistrationApplication          : The following profiles are active: local
2020-04-20 13:29:44.411  INFO 25096 --- [restartedMain] o.s.cloud.context.scope.GenericScope     : BeanFactory id=9e49a75b-5d10-3f5b-9fd8-4639cc9a8f23
2020-04-20 13:29:44.441  INFO 25096 --- [restartedMain] trationDelegate$BeanPostProcessorChecker : Bean 'org.springframework.security.config.annotation.configuration.ObjectPostProcessorConfiguration' of type [org.springframework.security.config.annotation.configuration.ObjectPostProcessorConfiguration] is not eligible for getting processed by all BeanPostProcessors (for example: not eligible for auto-proxying)
2020-04-20 13:29:44.443  INFO 25096 --- [restartedMain] trationDelegate$BeanPostProcessorChecker : Bean 'objectPostProcessor' of type [org.springframework.security.config.annotation.configuration.AutowireBeanFactoryObjectPostProcessor] is not eligible for getting processed by all BeanPostProcessors (for example: not eligible for auto-proxying)
2020-04-20 13:29:44.445  INFO 25096 --- [restartedMain] trationDelegate$BeanPostProcessorChecker : Bean 'org.springframework.security.access.expression.method.DefaultMethodSecurityExpressionHandler@4502c880' of type [org.springframework.security.oauth2.provider.expression.OAuth2MethodSecurityExpressionHandler] is not eligible for getting processed by all BeanPostProcessors (for example: not eligible for auto-proxying)
2020-04-20 13:29:44.447  INFO 25096 --- [restartedMain] trationDelegate$BeanPostProcessorChecker : Bean 'org.springframework.security.config.annotation.method.configuration.GlobalMethodSecurityConfiguration' of type [org.springframework.security.config.annotation.method.configuration.GlobalMethodSecurityConfiguration] is not eligible for getting processed by all BeanPostProcessors (for example: not eligible for auto-proxying)
2020-04-20 13:29:44.448  INFO 25096 --- [restartedMain] trationDelegate$BeanPostProcessorChecker : Bean 'methodSecurityMetadataSource' of type [org.springframework.security.access.method.DelegatingMethodSecurityMetadataSource] is not eligible for getting processed by all BeanPostProcessors (for example: not eligible for auto-proxying)
2020-04-20 13:29:44.532  INFO 25096 --- [restartedMain] o.s.b.w.embedded.tomcat.TomcatWebServer  : Tomcat initialized with port(s): 8081 (http)
2020-04-20 13:29:44.534  INFO 25096 --- [restartedMain] o.apache.catalina.core.StandardService   : Starting service [Tomcat]
2020-04-20 13:29:44.534  INFO 25096 --- [restartedMain] org.apache.catalina.core.StandardEngine  : Starting Servlet engine: [Apache Tomcat/9.0.33]
2020-04-20 13:29:44.544  INFO 25096 --- [restartedMain] o.a.c.c.C.[.[localhost].[/registration]  : Initializing Spring embedded WebApplicationContext
2020-04-20 13:29:44.544  INFO 25096 --- [restartedMain] o.s.web.context.ContextLoader            : Root WebApplicationContext: initialization completed in 871 ms
2020-04-20 13:29:44.800  WARN 25096 --- [restartedMain] c.n.c.sources.URLConfigurationSource     : No URLs will be polled as dynamic configuration sources.
2020-04-20 13:29:44.800  INFO 25096 --- [restartedMain] c.n.c.sources.URLConfigurationSource     : To enable URLs as dynamic configuration sources, define System property archaius.configurationSource.additionalUrls or make config.properties available on classpath.
2020-04-20 13:29:44.907  INFO 25096 --- [restartedMain] o.s.s.concurrent.ThreadPoolTaskExecutor  : Initializing ExecutorService 'applicationTaskExecutor'
2020-04-20 13:29:45.038  INFO 25096 --- [restartedMain] .s.s.UserDetailsServiceAutoConfiguration : 

Using generated security password: 69e2d874-a1cb-423d-b6b0-3b5816b434e1

2020-04-20 13:29:45.084  INFO 25096 --- [restartedMain] o.s.b.a.e.web.EndpointLinksResolver      : Exposing 21 endpoint(s) beneath base path '/actuator'
2020-04-20 13:29:45.098  INFO 25096 --- [restartedMain] o.s.s.web.DefaultSecurityFilterChain     : Creating filter chain: any request, [org.springframework.security.web.context.request.async.WebAsyncManagerIntegrationFilter@379a42f1, org.springframework.security.web.context.SecurityContextPersistenceFilter@684af052, org.springframework.security.web.header.HeaderWriterFilter@76b44f26, org.springframework.web.filter.CorsFilter@47727853, com.example.celerity.exception.ExceptionHandlerOauthFilter@dcdfa7c, org.springframework.security.web.authentication.logout.LogoutFilter@1da8dab7, org.springframework.security.oauth2.provider.authentication.OAuth2AuthenticationProcessingFilter@14403cce, org.springframework.security.web.savedrequest.RequestCacheAwareFilter@6cbe01fb, org.springframework.security.web.servletapi.SecurityContextHolderAwareRequestFilter@3827ae35, org.springframework.security.web.authentication.AnonymousAuthenticationFilter@62957e6c, org.springframework.security.web.session.SessionManagementFilter@7f0cbdd2, org.springframework.security.web.access.ExceptionTranslationFilter@b11ec2c, org.springframework.security.web.access.intercept.FilterSecurityInterceptor@70e3ea9b]
2020-04-20 13:29:45.112  INFO 25096 --- [restartedMain] o.s.b.d.a.OptionalLiveReloadServer       : LiveReload server is running on port 35729
2020-04-20 13:29:45.168  WARN 25096 --- [restartedMain] iguration$LoadBalancerCaffeineWarnLogger : Spring Cloud LoadBalancer is currently working with the default cache. You can switch to using Caffeine cache, by adding it to the classpath.
2020-04-20 13:29:45.205  INFO 25096 --- [restartedMain] o.s.b.w.embedded.tomcat.TomcatWebServer  : Tomcat started on port(s): 8081 (http) with context path '/registration'
2020-04-20 13:29:45.227  INFO 25096 --- [restartedMain] c.e.c.r.RegistrationApplication          : Started RegistrationApplication in 1.78 seconds (JVM running for 701.455)
2020-04-20 13:29:45.231  INFO 25096 --- [restartedMain] .ConditionEvaluationDeltaLoggingListener : Condition evaluation unchanged
2020-04-20 13:29:52.557  INFO 25096 --- [Thread-20] o.s.s.concurrent.ThreadPoolTaskExecutor  : Shutting down ExecutorService 'applicationTaskExecutor'
2020-04-20 13:29:52.949  INFO 25096 --- [restartedMain] c.e.c.r.RegistrationApplication          : The following profiles are active: local
2020-04-20 13:29:53.862  INFO 25096 --- [restartedMain] o.s.cloud.context.scope.GenericScope     : BeanFactory id=9e49a75b-5d10-3f5b-9fd8-4639cc9a8f23
2020-04-20 13:29:53.894  INFO 25096 --- [restartedMain] trationDelegate$BeanPostProcessorChecker : Bean 'org.springframework.security.config.annotation.configuration.ObjectPostProcessorConfiguration' of type [org.springframework.security.config.annotation.configuration.ObjectPostProcessorConfiguration] is not eligible for getting processed by all BeanPostProcessors (for example: not eligible for auto-proxying)
2020-04-20 13:29:53.896  INFO 25096 --- [restartedMain] trationDelegate$BeanPostProcessorChecker : Bean 'objectPostProcessor' of type [org.springframework.security.config.annotation.configuration.AutowireBeanFactoryObjectPostProcessor] is not eligible for getting processed by all BeanPostProcessors (for example: not eligible for auto-proxying)
2020-04-20 13:29:53.897  INFO 25096 --- [restartedMain] trationDelegate$BeanPostProcessorChecker : Bean 'org.springframework.security.access.expression.method.DefaultMethodSecurityExpressionHandler@33f82586' of type [org.springframework.security.oauth2.provider.expression.OAuth2MethodSecurityExpressionHandler] is not eligible for getting processed by all BeanPostProcessors (for example: not eligible for auto-proxying)
2020-04-20 13:29:53.901  INFO 25096 --- [restartedMain] trationDelegate$BeanPostProcessorChecker : Bean 'org.springframework.security.config.annotation.method.configuration.GlobalMethodSecurityConfiguration' of type [org.springframework.security.config.annotation.method.configuration.GlobalMethodSecurityConfiguration] is not eligible for getting processed by all BeanPostProcessors (for example: not eligible for auto-proxying)
2020-04-20 13:29:53.902  INFO 25096 --- [restartedMain] trationDelegate$BeanPostProcessorChecker : Bean 'methodSecurityMetadataSource' of type [org.springframework.security.access.method.DelegatingMethodSecurityMetadataSource] is not eligible for getting processed by all BeanPostProcessors (for example: not eligible for auto-proxying)
2020-04-20 13:29:54.024  INFO 25096 --- [restartedMain] o.s.b.w.embedded.tomcat.TomcatWebServer  : Tomcat initialized with port(s): 8081 (http)
2020-04-20 13:29:54.025  INFO 25096 --- [restartedMain] o.apache.catalina.core.StandardService   : Starting service [Tomcat]
2020-04-20 13:29:54.025  INFO 25096 --- [restartedMain] org.apache.catalina.core.StandardEngine  : Starting Servlet engine: [Apache Tomcat/9.0.33]
2020-04-20 13:29:54.100  INFO 25096 --- [restartedMain] o.a.c.c.C.[.[localhost].[/registration]  : Initializing Spring embedded WebApplicationContext
2020-04-20 13:29:54.100  INFO 25096 --- [restartedMain] o.s.web.context.ContextLoader            : Root WebApplicationContext: initialization completed in 1146 ms
2020-04-20 13:29:54.372  WARN 25096 --- [restartedMain] c.n.c.sources.URLConfigurationSource     : No URLs will be polled as dynamic configuration sources.
2020-04-20 13:29:54.373  INFO 25096 --- [restartedMain] c.n.c.sources.URLConfigurationSource     : To enable URLs as dynamic configuration sources, define System property archaius.configurationSource.additionalUrls or make config.properties available on classpath.
2020-04-20 13:29:54.446  INFO 25096 --- [restartedMain] o.s.s.concurrent.ThreadPoolTaskExecutor  : Initializing ExecutorService 'applicationTaskExecutor'
2020-04-20 13:29:54.574  INFO 25096 --- [restartedMain] .s.s.UserDetailsServiceAutoConfiguration : 

Using generated security password: 2a1f25d1-2935-4a54-a596-4ba282862f37

2020-04-20 13:29:54.613  INFO 25096 --- [restartedMain] o.s.b.a.e.web.EndpointLinksResolver      : Exposing 21 endpoint(s) beneath base path '/actuator'
2020-04-20 13:29:54.628  INFO 25096 --- [restartedMain] o.s.s.web.DefaultSecurityFilterChain     : Creating filter chain: any request, [org.springframework.security.web.context.request.async.WebAsyncManagerIntegrationFilter@3a9204d7, org.springframework.security.web.context.SecurityContextPersistenceFilter@23c95a90, org.springframework.security.web.header.HeaderWriterFilter@7fcc8314, org.springframework.web.filter.CorsFilter@bae4419, com.example.celerity.exception.ExceptionHandlerOauthFilter@7e99234d, org.springframework.security.web.authentication.logout.LogoutFilter@7b39482f, org.springframework.security.oauth2.provider.authentication.OAuth2AuthenticationProcessingFilter@7bcb4def, org.springframework.security.web.savedrequest.RequestCacheAwareFilter@1ead992a, org.springframework.security.web.servletapi.SecurityContextHolderAwareRequestFilter@5e26dc8, org.springframework.security.web.authentication.AnonymousAuthenticationFilter@56d5be7b, org.springframework.security.web.session.SessionManagementFilter@55785800, org.springframework.security.web.access.ExceptionTranslationFilter@66eb765d, org.springframework.security.web.access.intercept.FilterSecurityInterceptor@2f90ee93]
2020-04-20 13:29:54.646  INFO 25096 --- [restartedMain] o.s.b.d.a.OptionalLiveReloadServer       : LiveReload server is running on port 35729
2020-04-20 13:29:54.707  WARN 25096 --- [restartedMain] iguration$LoadBalancerCaffeineWarnLogger : Spring Cloud LoadBalancer is currently working with the default cache. You can switch to using Caffeine cache, by adding it to the classpath.
2020-04-20 13:29:54.750  INFO 25096 --- [restartedMain] o.s.b.w.embedded.tomcat.TomcatWebServer  : Tomcat started on port(s): 8081 (http) with context path '/registration'
2020-04-20 13:29:54.783  INFO 25096 --- [restartedMain] c.e.c.r.RegistrationApplication          : Started RegistrationApplication in 2.007 seconds (JVM running for 711.011)
2020-04-20 13:29:54.785  INFO 25096 --- [restartedMain] .ConditionEvaluationDeltaLoggingListener : Condition evaluation unchanged
2020-04-20 13:30:04.083  INFO 25096 --- [Thread-28] o.s.s.concurrent.ThreadPoolTaskExecutor  : Shutting down ExecutorService 'applicationTaskExecutor'
2020-04-20 13:30:04.412  INFO 25096 --- [restartedMain] c.e.c.r.RegistrationApplication          : The following profiles are active: local
2020-04-20 13:30:04.978  INFO 25096 --- [restartedMain] o.s.cloud.context.scope.GenericScope     : BeanFactory id=9e49a75b-5d10-3f5b-9fd8-4639cc9a8f23
2020-04-20 13:30:05.001  INFO 25096 --- [restartedMain] trationDelegate$BeanPostProcessorChecker : Bean 'org.springframework.security.config.annotation.configuration.ObjectPostProcessorConfiguration' of type [org.springframework.security.config.annotation.configuration.ObjectPostProcessorConfiguration] is not eligible for getting processed by all BeanPostProcessors (for example: not eligible for auto-proxying)
2020-04-20 13:30:05.003  INFO 25096 --- [restartedMain] trationDelegate$BeanPostProcessorChecker : Bean 'objectPostProcessor' of type [org.springframework.security.config.annotation.configuration.AutowireBeanFactoryObjectPostProcessor] is not eligible for getting processed by all BeanPostProcessors (for example: not eligible for auto-proxying)
2020-04-20 13:30:05.004  INFO 25096 --- [restartedMain] trationDelegate$BeanPostProcessorChecker : Bean 'org.springframework.security.access.expression.method.DefaultMethodSecurityExpressionHandler@fa89be9' of type [org.springframework.security.oauth2.provider.expression.OAuth2MethodSecurityExpressionHandler] is not eligible for getting processed by all BeanPostProcessors (for example: not eligible for auto-proxying)
2020-04-20 13:30:05.006  INFO 25096 --- [restartedMain] trationDelegate$BeanPostProcessorChecker : Bean 'org.springframework.security.config.annotation.method.configuration.GlobalMethodSecurityConfiguration' of type [org.springframework.security.config.annotation.method.configuration.GlobalMethodSecurityConfiguration] is not eligible for getting processed by all BeanPostProcessors (for example: not eligible for auto-proxying)
2020-04-20 13:30:05.007  INFO 25096 --- [restartedMain] trationDelegate$BeanPostProcessorChecker : Bean 'methodSecurityMetadataSource' of type [org.springframework.security.access.method.DelegatingMethodSecurityMetadataSource] is not eligible for getting processed by all BeanPostProcessors (for example: not eligible for auto-proxying)
2020-04-20 13:30:05.085  INFO 25096 --- [restartedMain] o.s.b.w.embedded.tomcat.TomcatWebServer  : Tomcat initialized with port(s): 8081 (http)
2020-04-20 13:30:05.086  INFO 25096 --- [restartedMain] o.apache.catalina.core.StandardService   : Starting service [Tomcat]
2020-04-20 13:30:05.087  INFO 25096 --- [restartedMain] org.apache.catalina.core.StandardEngine  : Starting Servlet engine: [Apache Tomcat/9.0.33]
2020-04-20 13:30:05.098  INFO 25096 --- [restartedMain] o.a.c.c.C.[.[localhost].[/registration]  : Initializing Spring embedded WebApplicationContext
2020-04-20 13:30:05.099  INFO 25096 --- [restartedMain] o.s.web.context.ContextLoader            : Root WebApplicationContext: initialization completed in 683 ms
2020-04-20 13:30:05.320  WARN 25096 --- [restartedMain] c.n.c.sources.URLConfigurationSource     : No URLs will be polled as dynamic configuration sources.
2020-04-20 13:30:05.320  INFO 25096 --- [restartedMain] c.n.c.sources.URLConfigurationSource     : To enable URLs as dynamic configuration sources, define System property archaius.configurationSource.additionalUrls or make config.properties available on classpath.
2020-04-20 13:30:05.372  INFO 25096 --- [restartedMain] o.s.s.concurrent.ThreadPoolTaskExecutor  : Initializing ExecutorService 'applicationTaskExecutor'
2020-04-20 13:30:05.475  INFO 25096 --- [restartedMain] .s.s.UserDetailsServiceAutoConfiguration : 

Using generated security password: 754b1cec-3dd8-4623-8e01-3fbd569c294e

2020-04-20 13:30:05.516  INFO 25096 --- [restartedMain] o.s.b.a.e.web.EndpointLinksResolver      : Exposing 21 endpoint(s) beneath base path '/actuator'
2020-04-20 13:30:05.526  INFO 25096 --- [restartedMain] o.s.s.web.DefaultSecurityFilterChain     : Creating filter chain: any request, [org.springframework.security.web.context.request.async.WebAsyncManagerIntegrationFilter@4a0f511e, org.springframework.security.web.context.SecurityContextPersistenceFilter@4155c206, org.springframework.security.web.header.HeaderWriterFilter@76626409, org.springframework.web.filter.CorsFilter@653b1b52, com.example.celerity.exception.ExceptionHandlerOauthFilter@15362d3f, org.springframework.security.web.authentication.logout.LogoutFilter@165205c4, org.springframework.security.oauth2.provider.authentication.OAuth2AuthenticationProcessingFilter@7ea0d42, org.springframework.security.web.savedrequest.RequestCacheAwareFilter@21cd19f0, org.springframework.security.web.servletapi.SecurityContextHolderAwareRequestFilter@446a63ec, org.springframework.security.web.authentication.AnonymousAuthenticationFilter@450a059d, org.springframework.security.web.session.SessionManagementFilter@327d117, org.springframework.security.web.access.ExceptionTranslationFilter@58e703e7, org.springframework.security.web.access.intercept.FilterSecurityInterceptor@265ec652]
2020-04-20 13:30:05.539  INFO 25096 --- [restartedMain] o.s.b.d.a.OptionalLiveReloadServer       : LiveReload server is running on port 35729
2020-04-20 13:30:05.598  WARN 25096 --- [restartedMain] iguration$LoadBalancerCaffeineWarnLogger : Spring Cloud LoadBalancer is currently working with the default cache. You can switch to using Caffeine cache, by adding it to the classpath.
2020-04-20 13:30:05.635  INFO 25096 --- [restartedMain] o.s.b.w.embedded.tomcat.TomcatWebServer  : Tomcat started on port(s): 8081 (http) with context path '/registration'
2020-04-20 13:30:05.664  INFO 25096 --- [restartedMain] c.e.c.r.RegistrationApplication          : Started RegistrationApplication in 1.405 seconds (JVM running for 721.891)
2020-04-20 13:30:05.667  INFO 25096 --- [restartedMain] .ConditionEvaluationDeltaLoggingListener : Condition evaluation unchanged
2020-04-20 13:30:13.903  INFO 26415 --- [restartedMain] c.e.c.r.RegistrationApplication          : The following profiles are active: local
2020-04-20 13:30:16.657  INFO 26415 --- [restartedMain] o.s.cloud.context.scope.GenericScope     : BeanFactory id=9e49a75b-5d10-3f5b-9fd8-4639cc9a8f23
2020-04-20 13:30:17.208  INFO 26415 --- [restartedMain] trationDelegate$BeanPostProcessorChecker : Bean 'org.springframework.security.config.annotation.configuration.ObjectPostProcessorConfiguration' of type [org.springframework.security.config.annotation.configuration.ObjectPostProcessorConfiguration] is not eligible for getting processed by all BeanPostProcessors (for example: not eligible for auto-proxying)
2020-04-20 13:30:17.217  INFO 26415 --- [restartedMain] trationDelegate$BeanPostProcessorChecker : Bean 'objectPostProcessor' of type [org.springframework.security.config.annotation.configuration.AutowireBeanFactoryObjectPostProcessor] is not eligible for getting processed by all BeanPostProcessors (for example: not eligible for auto-proxying)
2020-04-20 13:30:17.225  INFO 26415 --- [restartedMain] trationDelegate$BeanPostProcessorChecker : Bean 'org.springframework.security.access.expression.method.DefaultMethodSecurityExpressionHandler@2226ef75' of type [org.springframework.security.oauth2.provider.expression.OAuth2MethodSecurityExpressionHandler] is not eligible for getting processed by all BeanPostProcessors (for example: not eligible for auto-proxying)
2020-04-20 13:30:17.230  INFO 26415 --- [restartedMain] trationDelegate$BeanPostProcessorChecker : Bean 'org.springframework.security.config.annotation.method.configuration.GlobalMethodSecurityConfiguration' of type [org.springframework.security.config.annotation.method.configuration.GlobalMethodSecurityConfiguration] is not eligible for getting processed by all BeanPostProcessors (for example: not eligible for auto-proxying)
2020-04-20 13:30:17.241  INFO 26415 --- [restartedMain] trationDelegate$BeanPostProcessorChecker : Bean 'methodSecurityMetadataSource' of type [org.springframework.security.access.method.DelegatingMethodSecurityMetadataSource] is not eligible for getting processed by all BeanPostProcessors (for example: not eligible for auto-proxying)
2020-04-20 13:30:18.051  INFO 26415 --- [restartedMain] o.s.b.w.embedded.tomcat.TomcatWebServer  : Tomcat initialized with port(s): 8081 (http)
2020-04-20 13:30:18.072  INFO 26415 --- [restartedMain] o.apache.catalina.core.StandardService   : Starting service [Tomcat]
2020-04-20 13:30:18.072  INFO 26415 --- [restartedMain] org.apache.catalina.core.StandardEngine  : Starting Servlet engine: [Apache Tomcat/9.0.33]
2020-04-20 13:30:18.223  INFO 26415 --- [restartedMain] o.a.c.c.C.[.[localhost].[/registration]  : Initializing Spring embedded WebApplicationContext
2020-04-20 13:30:18.224  INFO 26415 --- [restartedMain] o.s.web.context.ContextLoader            : Root WebApplicationContext: initialization completed in 4290 ms
2020-04-20 13:30:18.397  WARN 26415 --- [restartedMain] c.n.c.sources.URLConfigurationSource     : No URLs will be polled as dynamic configuration sources.
2020-04-20 13:30:18.397  INFO 26415 --- [restartedMain] c.n.c.sources.URLConfigurationSource     : To enable URLs as dynamic configuration sources, define System property archaius.configurationSource.additionalUrls or make config.properties available on classpath.
2020-04-20 13:30:18.427  INFO 26415 --- [restartedMain] c.netflix.config.DynamicPropertyFactory  : DynamicPropertyFactory is initialized with configuration sources: com.netflix.config.ConcurrentCompositeConfiguration@2c436dfb
2020-04-20 13:30:19.046  WARN 26415 --- [restartedMain] c.n.c.sources.URLConfigurationSource     : No URLs will be polled as dynamic configuration sources.
2020-04-20 13:30:19.046  INFO 26415 --- [restartedMain] c.n.c.sources.URLConfigurationSource     : To enable URLs as dynamic configuration sources, define System property archaius.configurationSource.additionalUrls or make config.properties available on classpath.
2020-04-20 13:30:19.517  INFO 26415 --- [restartedMain] o.s.s.concurrent.ThreadPoolTaskExecutor  : Initializing ExecutorService 'applicationTaskExecutor'
2020-04-20 13:30:20.030  INFO 26415 --- [restartedMain] .s.s.UserDetailsServiceAutoConfiguration : 

Using generated security password: 7d960f26-e1e6-4d98-8dce-ad3e2e2fe86f

2020-04-20 13:30:20.344  INFO 26415 --- [restartedMain] o.s.b.a.e.web.EndpointLinksResolver      : Exposing 21 endpoint(s) beneath base path '/actuator'
2020-04-20 13:30:20.381  INFO 26415 --- [restartedMain] o.s.s.web.DefaultSecurityFilterChain     : Creating filter chain: any request, [org.springframework.security.web.context.request.async.WebAsyncManagerIntegrationFilter@32b769b2, org.springframework.security.web.context.SecurityContextPersistenceFilter@1cf72b92, org.springframework.security.web.header.HeaderWriterFilter@7cb18f16, org.springframework.web.filter.CorsFilter@1d2a63f8, com.example.celerity.exception.ExceptionHandlerOauthFilter@6f3a7039, org.springframework.security.web.authentication.logout.LogoutFilter@225170d5, org.springframework.security.oauth2.provider.authentication.OAuth2AuthenticationProcessingFilter@622c5451, org.springframework.security.web.savedrequest.RequestCacheAwareFilter@3320a199, org.springframework.security.web.servletapi.SecurityContextHolderAwareRequestFilter@ee7bdc3, org.springframework.security.web.authentication.AnonymousAuthenticationFilter@5cfce05f, org.springframework.security.web.session.SessionManagementFilter@54390da, org.springframework.security.web.access.ExceptionTranslationFilter@1e17e30f, org.springframework.security.web.access.intercept.FilterSecurityInterceptor@1c2326bf]
2020-04-20 13:30:20.455  INFO 26415 --- [restartedMain] o.s.b.d.a.OptionalLiveReloadServer       : LiveReload server is running on port 35729
2020-04-20 13:30:20.579  WARN 26415 --- [restartedMain] iguration$LoadBalancerCaffeineWarnLogger : Spring Cloud LoadBalancer is currently working with the default cache. You can switch to using Caffeine cache, by adding it to the classpath.
2020-04-20 13:30:20.675  INFO 26415 --- [restartedMain] o.s.b.w.embedded.tomcat.TomcatWebServer  : Tomcat started on port(s): 8081 (http) with context path '/registration'
2020-04-20 13:30:20.700  INFO 26415 --- [restartedMain] c.e.c.r.RegistrationApplication          : Started RegistrationApplication in 8.911 seconds (JVM running for 10.087)
2020-04-20 13:30:42.523  INFO 26415 --- [http-nio-8081-exec-2] o.a.c.c.C.[.[localhost].[/registration]  : Initializing Spring DispatcherServlet 'dispatcherServlet'
2020-04-20 13:30:42.524  INFO 26415 --- [http-nio-8081-exec-2] o.s.web.servlet.DispatcherServlet        : Initializing Servlet 'dispatcherServlet'
2020-04-20 13:30:42.537  INFO 26415 --- [http-nio-8081-exec-2] o.s.web.servlet.DispatcherServlet        : Completed initialization in 13 ms
2020-04-20 13:33:17.314  INFO 26899 --- [restartedMain] c.e.c.r.RegistrationApplication          : The following profiles are active: dev
2020-04-20 13:33:19.787  WARN 26899 --- [restartedMain] o.s.boot.actuate.endpoint.EndpointId     : Endpoint ID 'service-registry' contains invalid characters, please migrate to a valid format.
2020-04-20 13:33:20.321  INFO 26899 --- [restartedMain] o.s.cloud.context.scope.GenericScope     : BeanFactory id=4b069f13-4e5f-3157-b102-868863b37ee1
2020-04-20 13:33:20.851  INFO 26899 --- [restartedMain] trationDelegate$BeanPostProcessorChecker : Bean 'org.springframework.security.config.annotation.configuration.ObjectPostProcessorConfiguration' of type [org.springframework.security.config.annotation.configuration.ObjectPostProcessorConfiguration] is not eligible for getting processed by all BeanPostProcessors (for example: not eligible for auto-proxying)
2020-04-20 13:33:20.858  INFO 26899 --- [restartedMain] trationDelegate$BeanPostProcessorChecker : Bean 'objectPostProcessor' of type [org.springframework.security.config.annotation.configuration.AutowireBeanFactoryObjectPostProcessor] is not eligible for getting processed by all BeanPostProcessors (for example: not eligible for auto-proxying)
2020-04-20 13:33:20.864  INFO 26899 --- [restartedMain] trationDelegate$BeanPostProcessorChecker : Bean 'org.springframework.security.access.expression.method.DefaultMethodSecurityExpressionHandler@7c820523' of type [org.springframework.security.oauth2.provider.expression.OAuth2MethodSecurityExpressionHandler] is not eligible for getting processed by all BeanPostProcessors (for example: not eligible for auto-proxying)
2020-04-20 13:33:20.870  INFO 26899 --- [restartedMain] trationDelegate$BeanPostProcessorChecker : Bean 'org.springframework.security.config.annotation.method.configuration.GlobalMethodSecurityConfiguration' of type [org.springframework.security.config.annotation.method.configuration.GlobalMethodSecurityConfiguration] is not eligible for getting processed by all BeanPostProcessors (for example: not eligible for auto-proxying)
2020-04-20 13:33:20.876  INFO 26899 --- [restartedMain] trationDelegate$BeanPostProcessorChecker : Bean 'methodSecurityMetadataSource' of type [org.springframework.security.access.method.DelegatingMethodSecurityMetadataSource] is not eligible for getting processed by all BeanPostProcessors (for example: not eligible for auto-proxying)
2020-04-20 13:33:21.780  INFO 26899 --- [restartedMain] o.s.b.w.embedded.tomcat.TomcatWebServer  : Tomcat initialized with port(s): 0 (http)
2020-04-20 13:33:21.801  INFO 26899 --- [restartedMain] o.apache.catalina.core.StandardService   : Starting service [Tomcat]
2020-04-20 13:33:21.801  INFO 26899 --- [restartedMain] org.apache.catalina.core.StandardEngine  : Starting Servlet engine: [Apache Tomcat/9.0.33]
2020-04-20 13:33:21.941  INFO 26899 --- [restartedMain] o.a.c.c.C.[Tomcat].[localhost].[/]       : Initializing Spring embedded WebApplicationContext
2020-04-20 13:33:21.941  INFO 26899 --- [restartedMain] o.s.web.context.ContextLoader            : Root WebApplicationContext: initialization completed in 4560 ms
2020-04-20 13:33:22.109  WARN 26899 --- [restartedMain] c.n.c.sources.URLConfigurationSource     : No URLs will be polled as dynamic configuration sources.
2020-04-20 13:33:22.110  INFO 26899 --- [restartedMain] c.n.c.sources.URLConfigurationSource     : To enable URLs as dynamic configuration sources, define System property archaius.configurationSource.additionalUrls or make config.properties available on classpath.
2020-04-20 13:33:22.143  INFO 26899 --- [restartedMain] c.netflix.config.DynamicPropertyFactory  : DynamicPropertyFactory is initialized with configuration sources: com.netflix.config.ConcurrentCompositeConfiguration@18078c6c
2020-04-20 13:33:22.978  WARN 26899 --- [restartedMain] c.n.c.sources.URLConfigurationSource     : No URLs will be polled as dynamic configuration sources.
2020-04-20 13:33:22.979  INFO 26899 --- [restartedMain] c.n.c.sources.URLConfigurationSource     : To enable URLs as dynamic configuration sources, define System property archaius.configurationSource.additionalUrls or make config.properties available on classpath.
2020-04-20 13:33:23.561  INFO 26899 --- [restartedMain] o.s.s.concurrent.ThreadPoolTaskExecutor  : Initializing ExecutorService 'applicationTaskExecutor'
2020-04-20 13:33:24.133  INFO 26899 --- [restartedMain] .s.s.UserDetailsServiceAutoConfiguration : 

Using generated security password: 58accb16-810f-4ff5-b4bc-1752b9927759

2020-04-20 13:33:24.478  INFO 26899 --- [restartedMain] o.s.b.a.e.web.EndpointLinksResolver      : Exposing 22 endpoint(s) beneath base path '/actuator'
2020-04-20 13:33:24.514  INFO 26899 --- [restartedMain] o.s.s.web.DefaultSecurityFilterChain     : Creating filter chain: any request, [org.springframework.security.web.context.request.async.WebAsyncManagerIntegrationFilter@12528a4, org.springframework.security.web.context.SecurityContextPersistenceFilter@4a84b1ce, org.springframework.security.web.header.HeaderWriterFilter@72ee5c43, org.springframework.web.filter.CorsFilter@4f00582c, com.example.celerity.exception.ExceptionHandlerOauthFilter@170975b0, org.springframework.security.web.authentication.logout.LogoutFilter@63840c63, org.springframework.security.oauth2.provider.authentication.OAuth2AuthenticationProcessingFilter@1ae5eee3, org.springframework.security.web.savedrequest.RequestCacheAwareFilter@5bde0920, org.springframework.security.web.servletapi.SecurityContextHolderAwareRequestFilter@4f06c68c, org.springframework.security.web.authentication.AnonymousAuthenticationFilter@4227ff2d, org.springframework.security.web.session.SessionManagementFilter@6982d24c, org.springframework.security.web.access.ExceptionTranslationFilter@3f96a715, org.springframework.security.web.access.intercept.FilterSecurityInterceptor@469716c7]
2020-04-20 13:33:24.561  WARN 26899 --- [restartedMain] o.s.b.d.a.OptionalLiveReloadServer       : Unable to start LiveReload server
2020-04-20 13:33:24.664  WARN 26899 --- [restartedMain] ockingLoadBalancerClientRibbonWarnLogger : You already have RibbonLoadBalancerClient on your classpath. It will be used by default. As Spring Cloud Ribbon is in maintenance mode. We recommend switching to BlockingLoadBalancerClient instead. In order to use it, set the value of `spring.cloud.loadbalancer.ribbon.enabled` to `false` or remove spring-cloud-starter-netflix-ribbon from your project.
2020-04-20 13:33:24.808  INFO 26899 --- [restartedMain] o.s.b.w.embedded.tomcat.TomcatWebServer  : Tomcat started on port(s): 38277 (http) with context path ''
2020-04-20 13:33:24.809  INFO 26899 --- [restartedMain] .s.c.n.e.s.EurekaAutoServiceRegistration : Updating port to 38277
2020-04-20 13:33:24.815  INFO 26899 --- [restartedMain] o.s.c.n.eureka.InstanceInfoFactory       : Setting initial instance status as: STARTING
2020-04-20 13:33:24.904  INFO 26899 --- [restartedMain] com.netflix.discovery.DiscoveryClient    : Initializing Eureka in region us-east-1
2020-04-20 13:33:25.125  INFO 26899 --- [restartedMain] c.n.d.provider.DiscoveryJerseyProvider   : Using JSON encoding codec LegacyJacksonJson
2020-04-20 13:33:25.125  INFO 26899 --- [restartedMain] c.n.d.provider.DiscoveryJerseyProvider   : Using JSON decoding codec LegacyJacksonJson
2020-04-20 13:33:25.349  INFO 26899 --- [restartedMain] c.n.d.provider.DiscoveryJerseyProvider   : Using XML encoding codec XStreamXml
2020-04-20 13:33:25.349  INFO 26899 --- [restartedMain] c.n.d.provider.DiscoveryJerseyProvider   : Using XML decoding codec XStreamXml
2020-04-20 13:33:25.772  INFO 26899 --- [restartedMain] c.n.d.s.r.aws.ConfigClusterResolver      : Resolving eureka endpoints via configuration
2020-04-20 13:33:25.800  INFO 26899 --- [restartedMain] com.netflix.discovery.DiscoveryClient    : Disable delta property : false
2020-04-20 13:33:25.800  INFO 26899 --- [restartedMain] com.netflix.discovery.DiscoveryClient    : Single vip registry refresh property : null
2020-04-20 13:33:25.800  INFO 26899 --- [restartedMain] com.netflix.discovery.DiscoveryClient    : Force full registry fetch : false
2020-04-20 13:33:25.800  INFO 26899 --- [restartedMain] com.netflix.discovery.DiscoveryClient    : Application is null : false
2020-04-20 13:33:25.800  INFO 26899 --- [restartedMain] com.netflix.discovery.DiscoveryClient    : Registered Applications size is zero : true
2020-04-20 13:33:25.800  INFO 26899 --- [restartedMain] com.netflix.discovery.DiscoveryClient    : Application version is -1: true
2020-04-20 13:33:25.800  INFO 26899 --- [restartedMain] com.netflix.discovery.DiscoveryClient    : Getting all instance registry info from the eureka server
2020-04-20 13:33:26.241  INFO 26899 --- [restartedMain] com.netflix.discovery.DiscoveryClient    : The response status is 200
2020-04-20 13:33:26.248  INFO 26899 --- [restartedMain] com.netflix.discovery.DiscoveryClient    : Starting heartbeat executor: renew interval is: 30
2020-04-20 13:33:26.256  INFO 26899 --- [restartedMain] c.n.discovery.InstanceInfoReplicator     : InstanceInfoReplicator onDemand update allowed rate per min is 4
2020-04-20 13:33:26.263  INFO 26899 --- [restartedMain] com.netflix.discovery.DiscoveryClient    : Discovery Client initialized at timestamp 1587407606261 with initial instances count: 2
2020-04-20 13:33:26.276  INFO 26899 --- [restartedMain] o.s.c.n.e.s.EurekaServiceRegistry        : Registering application REGISTRATION with eureka with status UP
2020-04-20 13:33:26.284  INFO 26899 --- [restartedMain] com.netflix.discovery.DiscoveryClient    : Saw local status change event StatusChangeEvent [timestamp=1587407606284, current=UP, previous=STARTING]
2020-04-20 13:33:26.288  WARN 26899 --- [restartedMain] c.n.discovery.InstanceInfoReplicator     : Ignoring onDemand update due to rate limiter
2020-04-20 13:33:26.295  INFO 26899 --- [DiscoveryClient-InstanceInfoReplicator-0] com.netflix.discovery.DiscoveryClient    : DiscoveryClient_REGISTRATION/registration:4d990bb5be3e8e9618f74064588b7a21: registering service...
2020-04-20 13:33:26.322  INFO 26899 --- [restartedMain] c.e.c.r.RegistrationApplication          : Started RegistrationApplication in 11.381 seconds (JVM running for 12.83)
2020-04-20 13:33:26.457  INFO 26899 --- [DiscoveryClient-InstanceInfoReplicator-0] com.netflix.discovery.DiscoveryClient    : DiscoveryClient_REGISTRATION/registration:4d990bb5be3e8e9618f74064588b7a21 - registration status: 204
2020-04-20 13:34:34.058  INFO 26899 --- [http-nio-auto-1-exec-1] o.a.c.c.C.[Tomcat].[localhost].[/]       : Initializing Spring DispatcherServlet 'dispatcherServlet'
2020-04-20 13:34:34.059  INFO 26899 --- [http-nio-auto-1-exec-1] o.s.web.servlet.DispatcherServlet        : Initializing Servlet 'dispatcherServlet'
2020-04-20 13:34:34.075  INFO 26899 --- [http-nio-auto-1-exec-1] o.s.web.servlet.DispatcherServlet        : Completed initialization in 16 ms
2020-04-20 13:38:25.802  INFO 26899 --- [AsyncResolver-bootstrap-executor-0] c.n.d.s.r.aws.ConfigClusterResolver      : Resolving eureka endpoints via configuration
2020-04-20 13:43:25.803  INFO 26899 --- [AsyncResolver-bootstrap-executor-0] c.n.d.s.r.aws.ConfigClusterResolver      : Resolving eureka endpoints via configuration
2020-04-20 13:46:48.119  INFO 26899 --- [Thread-1] o.s.c.n.e.s.EurekaServiceRegistry        : Unregistering application REGISTRATION with eureka with status DOWN
2020-04-20 13:46:48.120  WARN 26899 --- [Thread-1] com.netflix.discovery.DiscoveryClient    : Saw local status change event StatusChangeEvent [timestamp=1587408408120, current=DOWN, previous=UP]
2020-04-20 13:46:48.121  WARN 26899 --- [DiscoveryClient-InstanceInfoReplicator-0] com.netflix.discovery.DiscoveryClient    : Saw local status change event StatusChangeEvent [timestamp=1587408408121, current=UP, previous=DOWN]
2020-04-20 13:46:48.122  INFO 26899 --- [DiscoveryClient-InstanceInfoReplicator-0] com.netflix.discovery.DiscoveryClient    : DiscoveryClient_REGISTRATION/registration:4d990bb5be3e8e9618f74064588b7a21: registering service...
2020-04-20 13:46:48.129  INFO 26899 --- [Thread-1] o.s.s.concurrent.ThreadPoolTaskExecutor  : Shutting down ExecutorService 'applicationTaskExecutor'
2020-04-20 13:46:48.132  INFO 26899 --- [DiscoveryClient-InstanceInfoReplicator-0] com.netflix.discovery.DiscoveryClient    : DiscoveryClient_REGISTRATION/registration:4d990bb5be3e8e9618f74064588b7a21 - registration status: 204
2020-04-20 13:46:48.140  INFO 26899 --- [Thread-1] com.netflix.discovery.DiscoveryClient    : Shutting down DiscoveryClient ...
2020-04-20 13:46:51.144  INFO 26899 --- [Thread-1] com.netflix.discovery.DiscoveryClient    : Unregistering ...
2020-04-20 13:46:51.154  INFO 26899 --- [Thread-1] com.netflix.discovery.DiscoveryClient    : DiscoveryClient_REGISTRATION/registration:4d990bb5be3e8e9618f74064588b7a21 - deregister  status: 200
2020-04-20 13:46:51.175  INFO 26899 --- [Thread-1] com.netflix.discovery.DiscoveryClient    : Completed shut down of DiscoveryClient
2020-04-20 13:46:51.928  INFO 26899 --- [restartedMain] c.e.c.r.RegistrationApplication          : The following profiles are active: dev
2020-04-20 13:46:52.691  INFO 26899 --- [restartedMain] o.s.cloud.context.scope.GenericScope     : BeanFactory id=a23c8964-410d-3d55-b05f-ef49189f163c
2020-04-20 13:46:52.719  INFO 26899 --- [restartedMain] trationDelegate$BeanPostProcessorChecker : Bean 'org.springframework.security.config.annotation.configuration.ObjectPostProcessorConfiguration' of type [org.springframework.security.config.annotation.configuration.ObjectPostProcessorConfiguration] is not eligible for getting processed by all BeanPostProcessors (for example: not eligible for auto-proxying)
2020-04-20 13:46:52.722  INFO 26899 --- [restartedMain] trationDelegate$BeanPostProcessorChecker : Bean 'objectPostProcessor' of type [org.springframework.security.config.annotation.configuration.AutowireBeanFactoryObjectPostProcessor] is not eligible for getting processed by all BeanPostProcessors (for example: not eligible for auto-proxying)
2020-04-20 13:46:52.724  INFO 26899 --- [restartedMain] trationDelegate$BeanPostProcessorChecker : Bean 'org.springframework.security.access.expression.method.DefaultMethodSecurityExpressionHandler@2d757afa' of type [org.springframework.security.oauth2.provider.expression.OAuth2MethodSecurityExpressionHandler] is not eligible for getting processed by all BeanPostProcessors (for example: not eligible for auto-proxying)
2020-04-20 13:46:52.730  INFO 26899 --- [restartedMain] trationDelegate$BeanPostProcessorChecker : Bean 'org.springframework.security.config.annotation.method.configuration.GlobalMethodSecurityConfiguration' of type [org.springframework.security.config.annotation.method.configuration.GlobalMethodSecurityConfiguration] is not eligible for getting processed by all BeanPostProcessors (for example: not eligible for auto-proxying)
2020-04-20 13:46:52.731  INFO 26899 --- [restartedMain] trationDelegate$BeanPostProcessorChecker : Bean 'methodSecurityMetadataSource' of type [org.springframework.security.access.method.DelegatingMethodSecurityMetadataSource] is not eligible for getting processed by all BeanPostProcessors (for example: not eligible for auto-proxying)
2020-04-20 13:46:52.843  INFO 26899 --- [restartedMain] o.s.b.w.embedded.tomcat.TomcatWebServer  : Tomcat initialized with port(s): 0 (http)
2020-04-20 13:46:52.847  INFO 26899 --- [restartedMain] o.apache.catalina.core.StandardService   : Starting service [Tomcat]
2020-04-20 13:46:52.849  INFO 26899 --- [restartedMain] org.apache.catalina.core.StandardEngine  : Starting Servlet engine: [Apache Tomcat/9.0.33]
2020-04-20 13:46:52.858  INFO 26899 --- [restartedMain] o.a.c.c.C.[Tomcat].[localhost].[/]       : Initializing Spring embedded WebApplicationContext
2020-04-20 13:46:52.859  INFO 26899 --- [restartedMain] o.s.web.context.ContextLoader            : Root WebApplicationContext: initialization completed in 926 ms
2020-04-20 13:46:53.249  WARN 26899 --- [restartedMain] c.n.c.sources.URLConfigurationSource     : No URLs will be polled as dynamic configuration sources.
2020-04-20 13:46:53.250  INFO 26899 --- [restartedMain] c.n.c.sources.URLConfigurationSource     : To enable URLs as dynamic configuration sources, define System property archaius.configurationSource.additionalUrls or make config.properties available on classpath.
2020-04-20 13:46:53.327  INFO 26899 --- [restartedMain] o.s.s.concurrent.ThreadPoolTaskExecutor  : Initializing ExecutorService 'applicationTaskExecutor'
2020-04-20 13:46:53.477  INFO 26899 --- [restartedMain] .s.s.UserDetailsServiceAutoConfiguration : 

Using generated security password: b85b47c8-12fd-4646-86ad-683549b2ce73

2020-04-20 13:46:53.517  INFO 26899 --- [restartedMain] o.s.b.a.e.web.EndpointLinksResolver      : Exposing 22 endpoint(s) beneath base path '/actuator'
2020-04-20 13:46:53.529  INFO 26899 --- [restartedMain] o.s.s.web.DefaultSecurityFilterChain     : Creating filter chain: any request, [org.springframework.security.web.context.request.async.WebAsyncManagerIntegrationFilter@4991a0ff, org.springframework.security.web.context.SecurityContextPersistenceFilter@553a93f4, org.springframework.security.web.header.HeaderWriterFilter@7da786ca, org.springframework.web.filter.CorsFilter@529d8f31, com.example.celerity.exception.ExceptionHandlerOauthFilter@255da14c, org.springframework.security.web.authentication.logout.LogoutFilter@7d860b57, org.springframework.security.oauth2.provider.authentication.OAuth2AuthenticationProcessingFilter@4ff2be9f, org.springframework.security.web.savedrequest.RequestCacheAwareFilter@13e19a2c, org.springframework.security.web.servletapi.SecurityContextHolderAwareRequestFilter@5231df4c, org.springframework.security.web.authentication.AnonymousAuthenticationFilter@5ff07cf0, org.springframework.security.web.session.SessionManagementFilter@7cea4af4, org.springframework.security.web.access.ExceptionTranslationFilter@322e8671, org.springframework.security.web.access.intercept.FilterSecurityInterceptor@40675609]
2020-04-20 13:46:53.554  WARN 26899 --- [restartedMain] o.s.b.d.a.OptionalLiveReloadServer       : Unable to start LiveReload server
2020-04-20 13:46:53.621  WARN 26899 --- [restartedMain] ockingLoadBalancerClientRibbonWarnLogger : You already have RibbonLoadBalancerClient on your classpath. It will be used by default. As Spring Cloud Ribbon is in maintenance mode. We recommend switching to BlockingLoadBalancerClient instead. In order to use it, set the value of `spring.cloud.loadbalancer.ribbon.enabled` to `false` or remove spring-cloud-starter-netflix-ribbon from your project.
2020-04-20 13:46:53.681  INFO 26899 --- [restartedMain] o.s.b.w.embedded.tomcat.TomcatWebServer  : Tomcat started on port(s): 42209 (http) with context path ''
2020-04-20 13:46:53.684  INFO 26899 --- [restartedMain] .s.c.n.e.s.EurekaAutoServiceRegistration : Updating port to 42209
2020-04-20 13:46:53.685  INFO 26899 --- [restartedMain] o.s.c.n.eureka.InstanceInfoFactory       : Setting initial instance status as: STARTING
2020-04-20 13:46:53.689  INFO 26899 --- [restartedMain] com.netflix.discovery.DiscoveryClient    : Initializing Eureka in region us-east-1
2020-04-20 13:46:53.693  INFO 26899 --- [restartedMain] c.n.d.provider.DiscoveryJerseyProvider   : Using JSON encoding codec LegacyJacksonJson
2020-04-20 13:46:53.693  INFO 26899 --- [restartedMain] c.n.d.provider.DiscoveryJerseyProvider   : Using JSON decoding codec LegacyJacksonJson
2020-04-20 13:46:53.693  INFO 26899 --- [restartedMain] c.n.d.provider.DiscoveryJerseyProvider   : Using XML encoding codec XStreamXml
2020-04-20 13:46:53.693  INFO 26899 --- [restartedMain] c.n.d.provider.DiscoveryJerseyProvider   : Using XML decoding codec XStreamXml
2020-04-20 13:46:53.812  INFO 26899 --- [restartedMain] c.n.d.s.r.aws.ConfigClusterResolver      : Resolving eureka endpoints via configuration
2020-04-20 13:46:53.816  INFO 26899 --- [restartedMain] com.netflix.discovery.DiscoveryClient    : Disable delta property : false
2020-04-20 13:46:53.817  INFO 26899 --- [restartedMain] com.netflix.discovery.DiscoveryClient    : Single vip registry refresh property : null
2020-04-20 13:46:53.817  INFO 26899 --- [restartedMain] com.netflix.discovery.DiscoveryClient    : Force full registry fetch : false
2020-04-20 13:46:53.817  INFO 26899 --- [restartedMain] com.netflix.discovery.DiscoveryClient    : Application is null : false
2020-04-20 13:46:53.817  INFO 26899 --- [restartedMain] com.netflix.discovery.DiscoveryClient    : Registered Applications size is zero : true
2020-04-20 13:46:53.817  INFO 26899 --- [restartedMain] com.netflix.discovery.DiscoveryClient    : Application version is -1: true
2020-04-20 13:46:53.817  INFO 26899 --- [restartedMain] com.netflix.discovery.DiscoveryClient    : Getting all instance registry info from the eureka server
2020-04-20 13:46:53.825  INFO 26899 --- [restartedMain] com.netflix.discovery.DiscoveryClient    : The response status is 200
2020-04-20 13:46:53.827  INFO 26899 --- [restartedMain] com.netflix.discovery.DiscoveryClient    : Starting heartbeat executor: renew interval is: 30
2020-04-20 13:46:53.828  INFO 26899 --- [restartedMain] c.n.discovery.InstanceInfoReplicator     : InstanceInfoReplicator onDemand update allowed rate per min is 4
2020-04-20 13:46:53.829  INFO 26899 --- [restartedMain] com.netflix.discovery.DiscoveryClient    : Discovery Client initialized at timestamp 1587408413829 with initial instances count: 3
2020-04-20 13:46:53.833  INFO 26899 --- [restartedMain] o.s.c.n.e.s.EurekaServiceRegistry        : Registering application REGISTRATION with eureka with status UP
2020-04-20 13:46:53.833  INFO 26899 --- [restartedMain] com.netflix.discovery.DiscoveryClient    : Saw local status change event StatusChangeEvent [timestamp=1587408413833, current=UP, previous=STARTING]
2020-04-20 13:46:53.833  WARN 26899 --- [restartedMain] c.n.discovery.InstanceInfoReplicator     : Ignoring onDemand update due to rate limiter
2020-04-20 13:46:53.835  INFO 26899 --- [DiscoveryClient-InstanceInfoReplicator-0] com.netflix.discovery.DiscoveryClient    : DiscoveryClient_REGISTRATION/registration:788ffb438f2cec3f8cf61e12522fbfd0: registering service...
2020-04-20 13:46:53.845  INFO 26899 --- [DiscoveryClient-InstanceInfoReplicator-0] com.netflix.discovery.DiscoveryClient    : DiscoveryClient_REGISTRATION/registration:788ffb438f2cec3f8cf61e12522fbfd0 - registration status: 204
2020-04-20 13:46:53.865  INFO 26899 --- [restartedMain] c.e.c.r.RegistrationApplication          : Started RegistrationApplication in 2.361 seconds (JVM running for 820.373)
2020-04-20 13:46:53.872  INFO 26899 --- [restartedMain] .ConditionEvaluationDeltaLoggingListener : Condition evaluation delta:


==========================
CONDITION EVALUATION DELTA
==========================


Positive matches:
-----------------

   ResourceServerTokenServicesConfiguration.RemoteTokenServicesConfiguration.UserInfoTokenServicesConfiguration matched:
      - @ConditionalOnMissingClass did not find unwanted class 'org.springframework.social.connect.support.OAuth2ConnectionFactory' (OnClassCondition)
      - OAuth TokenInfo Condition did not find token info (ResourceServerTokenServicesConfiguration.NotTokenInfoCondition)

   ResourceServerTokenServicesConfiguration.RemoteTokenServicesConfiguration.UserInfoTokenServicesConfiguration#userInfoTokenServices matched:
      - @ConditionalOnMissingBean (types: org.springframework.security.oauth2.provider.token.ResourceServerTokenServices; SearchStrategy: all) did not find any beans (OnBeanCondition)


Negative matches:
-----------------

   ResourceServerTokenServicesConfiguration.RemoteTokenServicesConfiguration.TokenInfoServicesConfiguration:
      Did not match:
         - OAuth TokenInfo Condition did not find token info (ResourceServerTokenServicesConfiguration.TokenInfoCondition)


Exclusions:
-----------

    None


Unconditional classes:
----------------------

    None



2020-04-20 13:47:36.212  INFO 26899 --- [http-nio-auto-2-exec-1] o.a.c.c.C.[Tomcat].[localhost].[/]       : Initializing Spring DispatcherServlet 'dispatcherServlet'
2020-04-20 13:47:36.212  INFO 26899 --- [http-nio-auto-2-exec-1] o.s.web.servlet.DispatcherServlet        : Initializing Servlet 'dispatcherServlet'
2020-04-20 13:47:36.218  INFO 26899 --- [http-nio-auto-2-exec-1] o.s.web.servlet.DispatcherServlet        : Completed initialization in 6 ms
2020-04-20 13:47:38.964  WARN 26899 --- [http-nio-auto-2-exec-2] o.s.b.a.s.o.r.UserInfoTokenServices      : Could not fetch user details: class java.lang.IllegalStateException, Request URI does not contain a valid hostname: 
2020-04-20 13:47:40.786  WARN 26899 --- [http-nio-auto-2-exec-3] o.s.b.a.s.o.r.UserInfoTokenServices      : Could not fetch user details: class java.lang.IllegalStateException, Request URI does not contain a valid hostname: 
2020-04-20 13:47:56.634  WARN 26899 --- [http-nio-auto-2-exec-4] o.s.b.a.s.o.r.UserInfoTokenServices      : Could not fetch user details: class java.lang.IllegalStateException, Request URI does not contain a valid hostname: 
2020-04-20 13:47:58.333  WARN 26899 --- [http-nio-auto-2-exec-1] o.s.b.a.s.o.r.UserInfoTokenServices      : Could not fetch user details: class java.lang.IllegalStateException, Request URI does not contain a valid hostname: 
2020-04-20 13:48:13.512  WARN 26899 --- [http-nio-auto-2-exec-4] o.s.b.a.s.o.r.UserInfoTokenServices      : Could not fetch user details: class java.lang.IllegalStateException, Request URI does not contain a valid hostname: 
2020-04-20 13:49:40.109  INFO 28138 --- [restartedMain] c.e.c.r.RegistrationApplication          : The following profiles are active: dev
2020-04-20 13:49:41.874  WARN 28138 --- [restartedMain] o.s.boot.actuate.endpoint.EndpointId     : Endpoint ID 'service-registry' contains invalid characters, please migrate to a valid format.
2020-04-20 13:49:42.166  INFO 28138 --- [restartedMain] o.s.cloud.context.scope.GenericScope     : BeanFactory id=a23c8964-410d-3d55-b05f-ef49189f163c
2020-04-20 13:49:42.508  INFO 28138 --- [restartedMain] trationDelegate$BeanPostProcessorChecker : Bean 'org.springframework.security.config.annotation.configuration.ObjectPostProcessorConfiguration' of type [org.springframework.security.config.annotation.configuration.ObjectPostProcessorConfiguration] is not eligible for getting processed by all BeanPostProcessors (for example: not eligible for auto-proxying)
2020-04-20 13:49:42.515  INFO 28138 --- [restartedMain] trationDelegate$BeanPostProcessorChecker : Bean 'objectPostProcessor' of type [org.springframework.security.config.annotation.configuration.AutowireBeanFactoryObjectPostProcessor] is not eligible for getting processed by all BeanPostProcessors (for example: not eligible for auto-proxying)
2020-04-20 13:49:42.519  INFO 28138 --- [restartedMain] trationDelegate$BeanPostProcessorChecker : Bean 'org.springframework.security.access.expression.method.DefaultMethodSecurityExpressionHandler@6b65c1ef' of type [org.springframework.security.oauth2.provider.expression.OAuth2MethodSecurityExpressionHandler] is not eligible for getting processed by all BeanPostProcessors (for example: not eligible for auto-proxying)
2020-04-20 13:49:42.524  INFO 28138 --- [restartedMain] trationDelegate$BeanPostProcessorChecker : Bean 'org.springframework.security.config.annotation.method.configuration.GlobalMethodSecurityConfiguration' of type [org.springframework.security.config.annotation.method.configuration.GlobalMethodSecurityConfiguration] is not eligible for getting processed by all BeanPostProcessors (for example: not eligible for auto-proxying)
2020-04-20 13:49:42.532  INFO 28138 --- [restartedMain] trationDelegate$BeanPostProcessorChecker : Bean 'methodSecurityMetadataSource' of type [org.springframework.security.access.method.DelegatingMethodSecurityMetadataSource] is not eligible for getting processed by all BeanPostProcessors (for example: not eligible for auto-proxying)
2020-04-20 13:49:43.475  INFO 28138 --- [restartedMain] o.s.b.w.embedded.tomcat.TomcatWebServer  : Tomcat initialized with port(s): 0 (http)
2020-04-20 13:49:43.496  INFO 28138 --- [restartedMain] o.apache.catalina.core.StandardService   : Starting service [Tomcat]
2020-04-20 13:49:43.497  INFO 28138 --- [restartedMain] org.apache.catalina.core.StandardEngine  : Starting Servlet engine: [Apache Tomcat/9.0.33]
2020-04-20 13:49:43.639  INFO 28138 --- [restartedMain] o.a.c.c.C.[Tomcat].[localhost].[/]       : Initializing Spring embedded WebApplicationContext
2020-04-20 13:49:43.639  INFO 28138 --- [restartedMain] o.s.web.context.ContextLoader            : Root WebApplicationContext: initialization completed in 3500 ms
2020-04-20 13:49:43.794  WARN 28138 --- [restartedMain] c.n.c.sources.URLConfigurationSource     : No URLs will be polled as dynamic configuration sources.
2020-04-20 13:49:43.794  INFO 28138 --- [restartedMain] c.n.c.sources.URLConfigurationSource     : To enable URLs as dynamic configuration sources, define System property archaius.configurationSource.additionalUrls or make config.properties available on classpath.
2020-04-20 13:49:43.821  INFO 28138 --- [restartedMain] c.netflix.config.DynamicPropertyFactory  : DynamicPropertyFactory is initialized with configuration sources: com.netflix.config.ConcurrentCompositeConfiguration@54155aa0
2020-04-20 13:49:44.845  WARN 28138 --- [restartedMain] c.n.c.sources.URLConfigurationSource     : No URLs will be polled as dynamic configuration sources.
2020-04-20 13:49:44.846  INFO 28138 --- [restartedMain] c.n.c.sources.URLConfigurationSource     : To enable URLs as dynamic configuration sources, define System property archaius.configurationSource.additionalUrls or make config.properties available on classpath.
2020-04-20 13:49:45.415  INFO 28138 --- [restartedMain] o.s.s.concurrent.ThreadPoolTaskExecutor  : Initializing ExecutorService 'applicationTaskExecutor'
2020-04-20 13:49:46.060  INFO 28138 --- [restartedMain] .s.s.UserDetailsServiceAutoConfiguration : 

Using generated security password: e9b5b96a-b894-4bbb-b0d3-ba0045593933

2020-04-20 13:49:46.488  INFO 28138 --- [restartedMain] o.s.b.a.e.web.EndpointLinksResolver      : Exposing 22 endpoint(s) beneath base path '/actuator'
2020-04-20 13:49:46.536  INFO 28138 --- [restartedMain] o.s.s.web.DefaultSecurityFilterChain     : Creating filter chain: any request, [org.springframework.security.web.context.request.async.WebAsyncManagerIntegrationFilter@19b1be1, org.springframework.security.web.context.SecurityContextPersistenceFilter@bcf71a9, org.springframework.security.web.header.HeaderWriterFilter@7560971c, org.springframework.web.filter.CorsFilter@5b4f9491, com.example.celerity.exception.ExceptionHandlerOauthFilter@39b6a3f1, org.springframework.security.web.authentication.logout.LogoutFilter@9a3be98, org.springframework.security.oauth2.provider.authentication.OAuth2AuthenticationProcessingFilter@4ccedd18, org.springframework.security.web.savedrequest.RequestCacheAwareFilter@4755301c, org.springframework.security.web.servletapi.SecurityContextHolderAwareRequestFilter@4c5dad29, org.springframework.security.web.authentication.AnonymousAuthenticationFilter@a37bdf0, org.springframework.security.web.session.SessionManagementFilter@d8848eb, org.springframework.security.web.access.ExceptionTranslationFilter@7628ca66, org.springframework.security.web.access.intercept.FilterSecurityInterceptor@6757b2ae]
2020-04-20 13:49:46.591  WARN 28138 --- [restartedMain] o.s.b.d.a.OptionalLiveReloadServer       : Unable to start LiveReload server
2020-04-20 13:49:46.707  WARN 28138 --- [restartedMain] ockingLoadBalancerClientRibbonWarnLogger : You already have RibbonLoadBalancerClient on your classpath. It will be used by default. As Spring Cloud Ribbon is in maintenance mode. We recommend switching to BlockingLoadBalancerClient instead. In order to use it, set the value of `spring.cloud.loadbalancer.ribbon.enabled` to `false` or remove spring-cloud-starter-netflix-ribbon from your project.
2020-04-20 13:49:46.959  INFO 28138 --- [restartedMain] o.s.b.w.embedded.tomcat.TomcatWebServer  : Tomcat started on port(s): 34005 (http) with context path ''
2020-04-20 13:49:46.960  INFO 28138 --- [restartedMain] .s.c.n.e.s.EurekaAutoServiceRegistration : Updating port to 34005
2020-04-20 13:49:46.972  INFO 28138 --- [restartedMain] o.s.c.n.eureka.InstanceInfoFactory       : Setting initial instance status as: STARTING
2020-04-20 13:49:47.127  INFO 28138 --- [restartedMain] com.netflix.discovery.DiscoveryClient    : Initializing Eureka in region us-east-1
2020-04-20 13:49:47.399  INFO 28138 --- [restartedMain] c.n.d.provider.DiscoveryJerseyProvider   : Using JSON encoding codec LegacyJacksonJson
2020-04-20 13:49:47.399  INFO 28138 --- [restartedMain] c.n.d.provider.DiscoveryJerseyProvider   : Using JSON decoding codec LegacyJacksonJson
2020-04-20 13:49:47.603  INFO 28138 --- [restartedMain] c.n.d.provider.DiscoveryJerseyProvider   : Using XML encoding codec XStreamXml
2020-04-20 13:49:47.603  INFO 28138 --- [restartedMain] c.n.d.provider.DiscoveryJerseyProvider   : Using XML decoding codec XStreamXml
2020-04-20 13:49:47.953  INFO 28138 --- [restartedMain] c.n.d.s.r.aws.ConfigClusterResolver      : Resolving eureka endpoints via configuration
2020-04-20 13:49:47.997  INFO 28138 --- [restartedMain] com.netflix.discovery.DiscoveryClient    : Disable delta property : false
2020-04-20 13:49:47.997  INFO 28138 --- [restartedMain] com.netflix.discovery.DiscoveryClient    : Single vip registry refresh property : null
2020-04-20 13:49:47.997  INFO 28138 --- [restartedMain] com.netflix.discovery.DiscoveryClient    : Force full registry fetch : false
2020-04-20 13:49:47.997  INFO 28138 --- [restartedMain] com.netflix.discovery.DiscoveryClient    : Application is null : false
2020-04-20 13:49:47.997  INFO 28138 --- [restartedMain] com.netflix.discovery.DiscoveryClient    : Registered Applications size is zero : true
2020-04-20 13:49:47.997  INFO 28138 --- [restartedMain] com.netflix.discovery.DiscoveryClient    : Application version is -1: true
2020-04-20 13:49:47.998  INFO 28138 --- [restartedMain] com.netflix.discovery.DiscoveryClient    : Getting all instance registry info from the eureka server
2020-04-20 13:49:48.385  INFO 28138 --- [restartedMain] com.netflix.discovery.DiscoveryClient    : The response status is 200
2020-04-20 13:49:48.399  INFO 28138 --- [restartedMain] com.netflix.discovery.DiscoveryClient    : Starting heartbeat executor: renew interval is: 30
2020-04-20 13:49:48.416  INFO 28138 --- [restartedMain] c.n.discovery.InstanceInfoReplicator     : InstanceInfoReplicator onDemand update allowed rate per min is 4
2020-04-20 13:49:48.423  INFO 28138 --- [restartedMain] com.netflix.discovery.DiscoveryClient    : Discovery Client initialized at timestamp 1587408588422 with initial instances count: 3
2020-04-20 13:49:48.431  INFO 28138 --- [restartedMain] o.s.c.n.e.s.EurekaServiceRegistry        : Registering application REGISTRATION with eureka with status UP
2020-04-20 13:49:48.432  INFO 28138 --- [restartedMain] com.netflix.discovery.DiscoveryClient    : Saw local status change event StatusChangeEvent [timestamp=1587408588432, current=UP, previous=STARTING]
2020-04-20 13:49:48.433  WARN 28138 --- [restartedMain] c.n.discovery.InstanceInfoReplicator     : Ignoring onDemand update due to rate limiter
2020-04-20 13:49:48.443  INFO 28138 --- [DiscoveryClient-InstanceInfoReplicator-0] com.netflix.discovery.DiscoveryClient    : DiscoveryClient_REGISTRATION/registration:461fae83d11b2d58b207179c62571903: registering service...
2020-04-20 13:49:48.467  INFO 28138 --- [restartedMain] c.e.c.r.RegistrationApplication          : Started RegistrationApplication in 10.599 seconds (JVM running for 11.791)
2020-04-20 13:49:48.548  INFO 28138 --- [DiscoveryClient-InstanceInfoReplicator-0] com.netflix.discovery.DiscoveryClient    : DiscoveryClient_REGISTRATION/registration:461fae83d11b2d58b207179c62571903 - registration status: 204
2020-04-20 13:50:36.535  INFO 28138 --- [http-nio-auto-1-exec-1] o.a.c.c.C.[Tomcat].[localhost].[/]       : Initializing Spring DispatcherServlet 'dispatcherServlet'
2020-04-20 13:50:36.536  INFO 28138 --- [http-nio-auto-1-exec-1] o.s.web.servlet.DispatcherServlet        : Initializing Servlet 'dispatcherServlet'
2020-04-20 13:50:36.553  INFO 28138 --- [http-nio-auto-1-exec-1] o.s.web.servlet.DispatcherServlet        : Completed initialization in 17 ms
2020-04-20 13:50:42.464  WARN 28138 --- [http-nio-auto-1-exec-2] o.s.b.a.s.o.r.UserInfoTokenServices      : Could not fetch user details: class java.lang.IllegalStateException, Request URI does not contain a valid hostname: 
2020-04-20 13:50:44.202  WARN 28138 --- [http-nio-auto-1-exec-3] o.s.b.a.s.o.r.UserInfoTokenServices      : Could not fetch user details: class java.lang.IllegalStateException, Request URI does not contain a valid hostname: 
