2020-04-20 13:31:28.984  INFO 26573 --- [restartedMain] c.e.c.discovery.DiscoveryApplication     : The following profiles are active: dev
2020-04-20 13:31:30.675  WARN 26573 --- [restartedMain] o.s.boot.actuate.endpoint.EndpointId     : Endpoint ID 'service-registry' contains invalid characters, please migrate to a valid format.
2020-04-20 13:31:30.932  INFO 26573 --- [restartedMain] o.s.cloud.context.scope.GenericScope     : BeanFactory id=08c44e0b-5b7c-3bd0-b5bb-a2db59890ae0
2020-04-20 13:31:31.916  INFO 26573 --- [restartedMain] o.s.b.w.embedded.tomcat.TomcatWebServer  : Tomcat initialized with port(s): 8562 (http)
2020-04-20 13:31:31.934  INFO 26573 --- [restartedMain] o.apache.catalina.core.StandardService   : Starting service [Tomcat]
2020-04-20 13:31:31.934  INFO 26573 --- [restartedMain] org.apache.catalina.core.StandardEngine  : Starting Servlet engine: [Apache Tomcat/9.0.33]
2020-04-20 13:31:32.071  INFO 26573 --- [restartedMain] o.a.c.c.C.[Tomcat].[localhost].[/]       : Initializing Spring embedded WebApplicationContext
2020-04-20 13:31:32.072  INFO 26573 --- [restartedMain] o.s.web.context.ContextLoader            : Root WebApplicationContext: initialization completed in 3032 ms
2020-04-20 13:31:32.212  WARN 26573 --- [restartedMain] c.n.c.sources.URLConfigurationSource     : No URLs will be polled as dynamic configuration sources.
2020-04-20 13:31:32.213  INFO 26573 --- [restartedMain] c.n.c.sources.URLConfigurationSource     : To enable URLs as dynamic configuration sources, define System property archaius.configurationSource.additionalUrls or make config.properties available on classpath.
2020-04-20 13:31:32.239  INFO 26573 --- [restartedMain] c.netflix.config.DynamicPropertyFactory  : DynamicPropertyFactory is initialized with configuration sources: com.netflix.config.ConcurrentCompositeConfiguration@4e3e5d28
2020-04-20 13:31:32.871  INFO 26573 --- [restartedMain] c.s.j.s.i.a.WebApplicationImpl           : Initiating Jersey application, version 'Jersey: 1.19.1 03/11/2016 02:08 PM'
2020-04-20 13:31:32.979  INFO 26573 --- [restartedMain] c.n.d.provider.DiscoveryJerseyProvider   : Using JSON encoding codec LegacyJacksonJson
2020-04-20 13:31:32.981  INFO 26573 --- [restartedMain] c.n.d.provider.DiscoveryJerseyProvider   : Using JSON decoding codec LegacyJacksonJson
2020-04-20 13:31:33.283  INFO 26573 --- [restartedMain] c.n.d.provider.DiscoveryJerseyProvider   : Using XML encoding codec XStreamXml
2020-04-20 13:31:33.284  INFO 26573 --- [restartedMain] c.n.d.provider.DiscoveryJerseyProvider   : Using XML decoding codec XStreamXml
2020-04-20 13:31:33.931  WARN 26573 --- [restartedMain] c.n.c.sources.URLConfigurationSource     : No URLs will be polled as dynamic configuration sources.
2020-04-20 13:31:33.932  INFO 26573 --- [restartedMain] c.n.c.sources.URLConfigurationSource     : To enable URLs as dynamic configuration sources, define System property archaius.configurationSource.additionalUrls or make config.properties available on classpath.
2020-04-20 13:31:34.389  INFO 26573 --- [restartedMain] o.s.s.concurrent.ThreadPoolTaskExecutor  : Initializing ExecutorService 'applicationTaskExecutor'
2020-04-20 13:31:34.916  WARN 26573 --- [restartedMain] o.s.b.d.a.OptionalLiveReloadServer       : Unable to start LiveReload server
2020-04-20 13:31:35.019  WARN 26573 --- [restartedMain] ockingLoadBalancerClientRibbonWarnLogger : You already have RibbonLoadBalancerClient on your classpath. It will be used by default. As Spring Cloud Ribbon is in maintenance mode. We recommend switching to BlockingLoadBalancerClient instead. In order to use it, set the value of `spring.cloud.loadbalancer.ribbon.enabled` to `false` or remove spring-cloud-starter-netflix-ribbon from your project.
2020-04-20 13:31:35.105  INFO 26573 --- [restartedMain] o.s.c.n.eureka.InstanceInfoFactory       : Setting initial instance status as: STARTING
2020-04-20 13:31:35.156  INFO 26573 --- [restartedMain] com.netflix.discovery.DiscoveryClient    : Initializing Eureka in region us-east-1
2020-04-20 13:31:35.156  INFO 26573 --- [restartedMain] com.netflix.discovery.DiscoveryClient    : Client configured to neither register nor query for data.
2020-04-20 13:31:35.169  INFO 26573 --- [restartedMain] com.netflix.discovery.DiscoveryClient    : Discovery Client initialized at timestamp 1587407495167 with initial instances count: 0
2020-04-20 13:31:35.249  INFO 26573 --- [restartedMain] c.n.eureka.DefaultEurekaServerContext    : Initializing ...
2020-04-20 13:31:35.256  INFO 26573 --- [restartedMain] c.n.eureka.cluster.PeerEurekaNodes       : Adding new peer nodes [http://localhost:8562/eureka/]
2020-04-20 13:31:35.467  INFO 26573 --- [restartedMain] c.n.d.provider.DiscoveryJerseyProvider   : Using JSON encoding codec LegacyJacksonJson
2020-04-20 13:31:35.468  INFO 26573 --- [restartedMain] c.n.d.provider.DiscoveryJerseyProvider   : Using JSON decoding codec LegacyJacksonJson
2020-04-20 13:31:35.468  INFO 26573 --- [restartedMain] c.n.d.provider.DiscoveryJerseyProvider   : Using XML encoding codec XStreamXml
2020-04-20 13:31:35.468  INFO 26573 --- [restartedMain] c.n.d.provider.DiscoveryJerseyProvider   : Using XML decoding codec XStreamXml
2020-04-20 13:31:35.708  INFO 26573 --- [restartedMain] c.n.eureka.cluster.PeerEurekaNodes       : Replica node URL:  http://localhost:8562/eureka/
2020-04-20 13:31:35.727  INFO 26573 --- [restartedMain] c.n.e.registry.AbstractInstanceRegistry  : Finished initializing remote region registries. All known remote regions: []
2020-04-20 13:31:35.729  INFO 26573 --- [restartedMain] c.n.eureka.DefaultEurekaServerContext    : Initialized
2020-04-20 13:31:35.747  INFO 26573 --- [restartedMain] o.s.b.a.e.web.EndpointLinksResolver      : Exposing 2 endpoint(s) beneath base path '/actuator'
2020-04-20 13:31:35.783  INFO 26573 --- [restartedMain] o.s.c.n.e.s.EurekaServiceRegistry        : Registering application DISCOVERY with eureka with status UP
2020-04-20 13:31:35.791  INFO 26573 --- [Thread-15] o.s.c.n.e.server.EurekaServerBootstrap   : Setting the eureka configuration..
2020-04-20 13:31:35.792  INFO 26573 --- [Thread-15] o.s.c.n.e.server.EurekaServerBootstrap   : Eureka data center value eureka.datacenter is not set, defaulting to default
2020-04-20 13:31:35.793  INFO 26573 --- [Thread-15] o.s.c.n.e.server.EurekaServerBootstrap   : Eureka environment value eureka.environment is not set, defaulting to test
2020-04-20 13:31:35.876  INFO 26573 --- [Thread-15] o.s.c.n.e.server.EurekaServerBootstrap   : isAws returned false
2020-04-20 13:31:35.877  INFO 26573 --- [Thread-15] o.s.c.n.e.server.EurekaServerBootstrap   : Initialized server context
2020-04-20 13:31:35.877  INFO 26573 --- [Thread-15] c.n.e.r.PeerAwareInstanceRegistryImpl    : Got 1 instances from neighboring DS node
2020-04-20 13:31:35.878  INFO 26573 --- [Thread-15] c.n.e.r.PeerAwareInstanceRegistryImpl    : Renew threshold is: 1
2020-04-20 13:31:35.878  INFO 26573 --- [Thread-15] c.n.e.r.PeerAwareInstanceRegistryImpl    : Changing status to UP
2020-04-20 13:31:35.902  INFO 26573 --- [restartedMain] o.s.b.w.embedded.tomcat.TomcatWebServer  : Tomcat started on port(s): 8562 (http) with context path ''
2020-04-20 13:31:35.910  INFO 26573 --- [restartedMain] .s.c.n.e.s.EurekaAutoServiceRegistration : Updating port to 8562
2020-04-20 13:31:35.922  INFO 26573 --- [Thread-15] e.s.EurekaServerInitializerConfiguration : Started Eureka Server
2020-04-20 13:31:35.939  INFO 26573 --- [restartedMain] c.e.c.discovery.DiscoveryApplication     : Started DiscoveryApplication in 9.115 seconds (JVM running for 10.203)
2020-04-20 13:31:55.454  INFO 26573 --- [http-nio-8562-exec-1] o.a.c.c.C.[Tomcat].[localhost].[/]       : Initializing Spring DispatcherServlet 'dispatcherServlet'
2020-04-20 13:31:55.454  INFO 26573 --- [http-nio-8562-exec-1] o.s.web.servlet.DispatcherServlet        : Initializing Servlet 'dispatcherServlet'
2020-04-20 13:31:55.470  INFO 26573 --- [http-nio-8562-exec-1] o.s.web.servlet.DispatcherServlet        : Completed initialization in 15 ms
2020-04-20 13:31:56.049  INFO 26573 --- [http-nio-8562-exec-2] c.n.e.registry.AbstractInstanceRegistry  : Registered instance GATEWAY/192.168.0.163:gateway:8588 with status UP (replication=false)
2020-04-20 13:31:57.012  INFO 26573 --- [http-nio-8562-exec-3] c.n.e.registry.AbstractInstanceRegistry  : Registered instance GATEWAY/192.168.0.163:gateway:8588 with status UP (replication=true)
2020-04-20 13:32:35.895  INFO 26573 --- [Eureka-EvictionTimer] c.n.e.registry.AbstractInstanceRegistry  : Running the evict task with compensationTime 0ms
2020-04-20 13:32:49.330  INFO 26573 --- [http-nio-8562-exec-4] c.n.e.registry.AbstractInstanceRegistry  : Registered instance AUTHENTICATION/authentication:c91112d34fc9d7a1cc7c3f9bf38f6485 with status UP (replication=false)
2020-04-20 13:32:49.857  INFO 26573 --- [http-nio-8562-exec-1] c.n.e.registry.AbstractInstanceRegistry  : Registered instance AUTHENTICATION/authentication:c91112d34fc9d7a1cc7c3f9bf38f6485 with status UP (replication=true)
2020-04-20 13:33:26.452  INFO 26573 --- [http-nio-8562-exec-2] c.n.e.registry.AbstractInstanceRegistry  : Registered instance REGISTRATION/registration:4d990bb5be3e8e9618f74064588b7a21 with status UP (replication=false)
2020-04-20 13:33:26.958  INFO 26573 --- [http-nio-8562-exec-1] c.n.e.registry.AbstractInstanceRegistry  : Registered instance REGISTRATION/registration:4d990bb5be3e8e9618f74064588b7a21 with status UP (replication=true)
2020-04-20 13:33:35.894  INFO 26573 --- [Eureka-EvictionTimer] c.n.e.registry.AbstractInstanceRegistry  : Running the evict task with compensationTime 0ms
2020-04-20 13:34:35.894  INFO 26573 --- [Eureka-EvictionTimer] c.n.e.registry.AbstractInstanceRegistry  : Running the evict task with compensationTime 0ms
2020-04-20 13:35:35.895  INFO 26573 --- [Eureka-EvictionTimer] c.n.e.registry.AbstractInstanceRegistry  : Running the evict task with compensationTime 0ms
2020-04-20 13:36:35.894  INFO 26573 --- [Eureka-EvictionTimer] c.n.e.registry.AbstractInstanceRegistry  : Running the evict task with compensationTime 0ms
2020-04-20 13:37:35.894  INFO 26573 --- [Eureka-EvictionTimer] c.n.e.registry.AbstractInstanceRegistry  : Running the evict task with compensationTime 0ms
2020-04-20 13:38:35.894  INFO 26573 --- [Eureka-EvictionTimer] c.n.e.registry.AbstractInstanceRegistry  : Running the evict task with compensationTime 0ms
2020-04-20 13:39:35.894  INFO 26573 --- [Eureka-EvictionTimer] c.n.e.registry.AbstractInstanceRegistry  : Running the evict task with compensationTime 0ms
2020-04-20 13:40:35.894  INFO 26573 --- [Eureka-EvictionTimer] c.n.e.registry.AbstractInstanceRegistry  : Running the evict task with compensationTime 0ms
2020-04-20 13:41:35.894  INFO 26573 --- [Eureka-EvictionTimer] c.n.e.registry.AbstractInstanceRegistry  : Running the evict task with compensationTime 0ms
2020-04-20 13:42:35.895  INFO 26573 --- [Eureka-EvictionTimer] c.n.e.registry.AbstractInstanceRegistry  : Running the evict task with compensationTime 0ms
2020-04-20 13:43:35.894  INFO 26573 --- [Eureka-EvictionTimer] c.n.e.registry.AbstractInstanceRegistry  : Running the evict task with compensationTime 0ms
2020-04-20 13:44:35.894  INFO 26573 --- [Eureka-EvictionTimer] c.n.e.registry.AbstractInstanceRegistry  : Running the evict task with compensationTime 0ms
2020-04-20 13:45:35.894  INFO 26573 --- [Eureka-EvictionTimer] c.n.e.registry.AbstractInstanceRegistry  : Running the evict task with compensationTime 0ms
2020-04-20 13:46:35.728  INFO 26573 --- [ReplicaAwareInstanceRegistry - RenewalThresholdUpdater] c.n.e.r.PeerAwareInstanceRegistryImpl    : Current renewal threshold is : 6
2020-04-20 13:46:35.894  INFO 26573 --- [Eureka-EvictionTimer] c.n.e.registry.AbstractInstanceRegistry  : Running the evict task with compensationTime 0ms
2020-04-20 13:46:48.130  INFO 26573 --- [http-nio-8562-exec-4] c.n.e.registry.AbstractInstanceRegistry  : Registered instance REGISTRATION/registration:4d990bb5be3e8e9618f74064588b7a21 with status UP (replication=false)
2020-04-20 13:46:48.646  INFO 26573 --- [http-nio-8562-exec-3] c.n.e.registry.AbstractInstanceRegistry  : Registered instance REGISTRATION/registration:4d990bb5be3e8e9618f74064588b7a21 with status UP (replication=true)
2020-04-20 13:46:51.152  INFO 26573 --- [http-nio-8562-exec-3] c.n.e.registry.AbstractInstanceRegistry  : Cancelled instance REGISTRATION/registration:4d990bb5be3e8e9618f74064588b7a21 (replication=false)
2020-04-20 13:46:51.662  WARN 26573 --- [http-nio-8562-exec-2] c.n.e.registry.AbstractInstanceRegistry  : DS: Registry: cancel failed because Lease is not registered for: REGISTRATION/registration:4d990bb5be3e8e9618f74064588b7a21
2020-04-20 13:46:51.662  INFO 26573 --- [http-nio-8562-exec-2] c.n.eureka.resources.InstanceResource    : Not Found (Cancel): REGISTRATION - registration:4d990bb5be3e8e9618f74064588b7a21
2020-04-20 13:46:51.664  WARN 26573 --- [TaskBatchingWorker-target_localhost-19] c.n.eureka.cluster.ReplicationTask       : The replication of task REGISTRATION/registration:4d990bb5be3e8e9618f74064588b7a21:Cancel@localhost failed with response code 404
2020-04-20 13:46:51.664  WARN 26573 --- [TaskBatchingWorker-target_localhost-19] c.netflix.eureka.cluster.PeerEurekaNode  : REGISTRATION/registration:4d990bb5be3e8e9618f74064588b7a21:Cancel@localhost: missing entry.
2020-04-20 13:46:53.844  INFO 26573 --- [http-nio-8562-exec-3] c.n.e.registry.AbstractInstanceRegistry  : Registered instance REGISTRATION/registration:788ffb438f2cec3f8cf61e12522fbfd0 with status UP (replication=false)
2020-04-20 13:46:54.352  INFO 26573 --- [http-nio-8562-exec-1] c.n.e.registry.AbstractInstanceRegistry  : Registered instance REGISTRATION/registration:788ffb438f2cec3f8cf61e12522fbfd0 with status UP (replication=true)
2020-04-20 13:47:35.894  INFO 26573 --- [Eureka-EvictionTimer] c.n.e.registry.AbstractInstanceRegistry  : Running the evict task with compensationTime 0ms
2020-04-20 13:48:35.894  INFO 26573 --- [Eureka-EvictionTimer] c.n.e.registry.AbstractInstanceRegistry  : Running the evict task with compensationTime 0ms
2020-04-20 13:49:35.894  INFO 26573 --- [Eureka-EvictionTimer] c.n.e.registry.AbstractInstanceRegistry  : Running the evict task with compensationTime 0ms
2020-04-20 13:49:48.547  INFO 26573 --- [http-nio-8562-exec-3] c.n.e.registry.AbstractInstanceRegistry  : Registered instance REGISTRATION/registration:461fae83d11b2d58b207179c62571903 with status UP (replication=false)
2020-04-20 13:49:49.065  INFO 26573 --- [http-nio-8562-exec-1] c.n.e.registry.AbstractInstanceRegistry  : Registered instance REGISTRATION/registration:461fae83d11b2d58b207179c62571903 with status UP (replication=true)
2020-04-20 13:50:35.895  INFO 26573 --- [Eureka-EvictionTimer] c.n.e.registry.AbstractInstanceRegistry  : Running the evict task with compensationTime 0ms
2020-04-20 13:51:35.896  INFO 26573 --- [Eureka-EvictionTimer] c.n.e.registry.AbstractInstanceRegistry  : Running the evict task with compensationTime 1ms
2020-04-20 13:52:35.897  INFO 26573 --- [Eureka-EvictionTimer] c.n.e.registry.AbstractInstanceRegistry  : Running the evict task with compensationTime 0ms
2020-04-20 13:52:35.897  INFO 26573 --- [Eureka-EvictionTimer] c.n.e.registry.AbstractInstanceRegistry  : Evicting 1 items (expired=1, evictionLimit=1)
2020-04-20 13:52:35.898  WARN 26573 --- [Eureka-EvictionTimer] c.n.e.registry.AbstractInstanceRegistry  : DS: Registry: expired lease for REGISTRATION/registration:788ffb438f2cec3f8cf61e12522fbfd0
2020-04-20 13:52:35.898  INFO 26573 --- [Eureka-EvictionTimer] c.n.e.registry.AbstractInstanceRegistry  : Cancelled instance REGISTRATION/registration:788ffb438f2cec3f8cf61e12522fbfd0 (replication=false)
2020-04-20 13:53:35.898  INFO 26573 --- [Eureka-EvictionTimer] c.n.e.registry.AbstractInstanceRegistry  : Running the evict task with compensationTime 1ms
